<?xml version="1.0" encoding="UTF-8"?>
<coverage generated="1473833940433" clover="3.2.0">
  <project timestamp="1473833940433" name="All files">
    <metrics statements="64" coveredstatements="56" conditionals="120" coveredconditionals="74" methods="46" coveredmethods="44" elements="230" coveredelements="174" complexity="0" loc="64" ncloc="64" packages="2" files="5" classes="5">
      <package name="src">
        <metrics statements="46" coveredstatements="44" conditionals="113" coveredconditionals="71" methods="42" coveredmethods="41"/>
        <file name="configureStore.js" path="/Users/anurag/IdeaProjects/ReactJSToDoList/src/configureStore.js">
          <metrics statements="3" coveredstatements="3" conditionals="0" coveredconditionals="0" methods="1" coveredmethods="1"/>
          <line num="1" count="1" type="stmt"/>
          <line num="8" count="4" type="stmt"/>
          <line num="9" count="4" type="stmt"/>
        </file>
        <file name="toDoInput.js" path="/Users/anurag/IdeaProjects/ReactJSToDoList/src/toDoInput.js">
          <metrics statements="12" coveredstatements="12" conditionals="35" coveredconditionals="20" methods="13" coveredmethods="13"/>
          <line num="1" count="8" type="stmt"/>
          <line num="5" count="8" type="stmt"/>
          <line num="7" count="2" type="stmt"/>
          <line num="8" count="8" type="stmt"/>
          <line num="17" count="2" type="stmt"/>
          <line num="20" count="3" type="stmt"/>
          <line num="22" count="3" type="stmt"/>
          <line num="28" count="2" type="stmt"/>
          <line num="29" count="2" type="stmt"/>
          <line num="34" count="2" type="stmt"/>
          <line num="40" count="20" type="stmt"/>
          <line num="46" count="2" type="stmt"/>
        </file>
        <file name="toDoItemView.js" path="/Users/anurag/IdeaProjects/ReactJSToDoList/src/toDoItemView.js">
          <metrics statements="9" coveredstatements="9" conditionals="39" coveredconditionals="25" methods="12" coveredmethods="12"/>
          <line num="1" count="6" type="stmt"/>
          <line num="5" count="21" type="stmt"/>
          <line num="7" count="2" type="stmt"/>
          <line num="8" count="21" type="stmt"/>
          <line num="13" count="2" type="stmt"/>
          <line num="16" count="2" type="stmt"/>
          <line num="20" count="2" type="stmt"/>
          <line num="24" count="21" type="stmt"/>
          <line num="32" count="2" type="stmt"/>
        </file>
        <file name="toDoListView.js" path="/Users/anurag/IdeaProjects/ReactJSToDoList/src/toDoListView.js">
          <metrics statements="22" coveredstatements="20" conditionals="39" coveredconditionals="26" methods="16" coveredmethods="15"/>
          <line num="1" count="6" type="stmt"/>
          <line num="10" count="5" type="stmt"/>
          <line num="12" count="1" type="stmt"/>
          <line num="13" count="4" type="stmt"/>
          <line num="16" count="4" type="stmt"/>
          <line num="25" count="1" type="stmt"/>
          <line num="28" count="4" type="stmt"/>
          <line num="30" count="4" type="stmt"/>
          <line num="31" count="4" type="stmt"/>
          <line num="33" count="3" type="stmt"/>
          <line num="36" count="4" type="stmt"/>
          <line num="37" count="4" type="stmt"/>
          <line num="39" count="4" type="stmt"/>
          <line num="45" count="2" type="stmt"/>
          <line num="51" count="1" type="stmt"/>
          <line num="56" count="1" type="stmt"/>
          <line num="60" count="1" type="stmt"/>
          <line num="65" count="1" type="stmt"/>
          <line num="69" count="0" type="stmt"/>
          <line num="74" count="0" type="stmt"/>
          <line num="78" count="9" type="stmt"/>
          <line num="90" count="1" type="stmt"/>
        </file>
      </package>
      <package name="src.reducers">
        <metrics statements="18" coveredstatements="12" conditionals="7" coveredconditionals="3" methods="4" coveredmethods="3"/>
        <file name="todoReducer.js" path="/Users/anurag/IdeaProjects/ReactJSToDoList/src/reducers/todoReducer.js">
          <metrics statements="18" coveredstatements="12" conditionals="7" coveredconditionals="3" methods="4" coveredmethods="3"/>
          <line num="1" count="1" type="stmt"/>
          <line num="12" count="6" type="stmt"/>
          <line num="13" count="6" type="stmt"/>
          <line num="15" count="6" type="stmt"/>
          <line num="17" count="1" type="stmt"/>
          <line num="23" count="1" type="stmt"/>
          <line num="24" count="1" type="stmt"/>
          <line num="27" count="1" type="stmt"/>
          <line num="29" count="1" type="stmt"/>
          <line num="30" count="0" type="stmt"/>
          <line num="33" count="1" type="stmt"/>
          <line num="34" count="1" type="stmt"/>
          <line num="37" count="0" type="stmt"/>
          <line num="39" count="0" type="stmt"/>
          <line num="40" count="0" type="stmt"/>
          <line num="43" count="0" type="stmt"/>
          <line num="44" count="0" type="stmt"/>
          <line num="48" count="6" type="stmt"/>
        </file>
      </package>
    </metrics>
  </project>
</coverage>
