<?xml version="1.0" encoding="UTF-8"?>
<coverage generated="1471946607417" clover="3.2.0">
	<project timestamp="1471946607417"  name="All Files" >
		<metrics statements="51"  coveredstatements="45"  conditionals="105"  coveredconditionals="65"  methods="42"  coveredmethods="40"  elements="198"  coveredelements="150"  complexity="0"  packages="1"  files="3"  classes="3"  loc="174"  ncloc="174" />
		<package name="src" >
			<metrics statements="51"  coveredstatements="45"  conditionals="105"  coveredconditionals="65"  methods="42"  coveredmethods="40" />
			<file name="toDoInput.js"  path="/Users/anurag/IdeaProjects/ReactJSToDoList/src/toDoInput.js" >
				<metrics statements="12"  coveredstatements="12"  conditionals="33"  coveredconditionals="19"  methods="13"  coveredmethods="13" />
				<line num="1"  count="8"  type="stmt" />
				<line num="5"  count="8"  type="stmt" />
				<line num="7"  count="2"  type="stmt" />
				<line num="8"  count="8"  type="stmt" />
				<line num="17"  count="2"  type="stmt" />
				<line num="20"  count="3"  type="stmt" />
				<line num="22"  count="3"  type="stmt" />
				<line num="28"  count="2"  type="stmt" />
				<line num="29"  count="2"  type="stmt" />
				<line num="34"  count="2"  type="stmt" />
				<line num="40"  count="20"  type="stmt" />
				<line num="46"  count="2"  type="stmt" />
			</file>
			<file name="toDoItemView.js"  path="/Users/anurag/IdeaProjects/ReactJSToDoList/src/toDoItemView.js" >
				<metrics statements="9"  coveredstatements="9"  conditionals="37"  coveredconditionals="24"  methods="12"  coveredmethods="12" />
				<line num="1"  count="6"  type="stmt" />
				<line num="5"  count="21"  type="stmt" />
				<line num="7"  count="2"  type="stmt" />
				<line num="8"  count="21"  type="stmt" />
				<line num="13"  count="2"  type="stmt" />
				<line num="16"  count="2"  type="stmt" />
				<line num="20"  count="2"  type="stmt" />
				<line num="24"  count="21"  type="stmt" />
				<line num="32"  count="2"  type="stmt" />
			</file>
			<file name="toDoListView.js"  path="/Users/anurag/IdeaProjects/ReactJSToDoList/src/toDoListView.js" >
				<metrics statements="30"  coveredstatements="24"  conditionals="35"  coveredconditionals="22"  methods="17"  coveredmethods="15" />
				<line num="1"  count="5"  type="stmt" />
				<line num="7"  count="4"  type="stmt" />
				<line num="9"  count="1"  type="stmt" />
				<line num="10"  count="4"  type="stmt" />
				<line num="20"  count="4"  type="stmt" />
				<line num="22"  count="4"  type="stmt" />
				<line num="23"  count="1"  type="stmt" />
				<line num="26"  count="6"  type="stmt" />
				<line num="28"  count="6"  type="stmt" />
				<line num="29"  count="6"  type="stmt" />
				<line num="31"  count="4"  type="stmt" />
				<line num="34"  count="6"  type="stmt" />
				<line num="38"  count="1"  type="stmt" />
				<line num="40"  count="1"  type="stmt" />
				<line num="46"  count="1"  type="stmt" />
				<line num="48"  count="1"  type="stmt" />
				<line num="50"  count="1"  type="stmt" />
				<line num="56"  count="1"  type="stmt" />
				<line num="57"  count="1"  type="stmt" />
				<line num="59"  count="1"  type="stmt" />
				<line num="60"  count="0"  type="stmt" />
				<line num="63"  count="1"  type="stmt" />
				<line num="67"  count="1"  type="stmt" />
				<line num="71"  count="0"  type="stmt" />
				<line num="72"  count="0"  type="stmt" />
				<line num="74"  count="0"  type="stmt" />
				<line num="76"  count="0"  type="stmt" />
				<line num="80"  count="0"  type="stmt" />
				<line num="84"  count="9"  type="stmt" />
				<line num="96"  count="1"  type="stmt" />
			</file>
		</package>
	</project>
</coverage>
