{
"/Users/anurag/IdeaProjects/ReactJSToDoList/src/toDoInput.js":{"path":"/Users/anurag/IdeaProjects/ReactJSToDoList/src/toDoInput.js","statementMap":{"1":{"start":{"line":1,"column":39},"end":{"line":1,"column":101}},"2":{"start":{"line":1,"column":120},"end":{"line":1,"column":649}},"3":{"start":{"line":1,"column":175},"end":{"line":1,"column":440}},"4":{"start":{"line":1,"column":232},"end":{"line":1,"column":240}},"5":{"start":{"line":1,"column":241},"end":{"line":1,"column":296}},"6":{"start":{"line":1,"column":296},"end":{"line":1,"column":327}},"7":{"start":{"line":1,"column":327},"end":{"line":1,"column":381}},"8":{"start":{"line":1,"column":354},"end":{"line":1,"column":381}},"9":{"start":{"line":1,"column":381},"end":{"line":1,"column":439}},"10":{"start":{"line":1,"column":441},"end":{"line":1,"column":646}},"11":{"start":{"line":1,"column":497},"end":{"line":1,"column":565}},"12":{"start":{"line":1,"column":513},"end":{"line":1,"column":565}},"13":{"start":{"line":1,"column":565},"end":{"line":1,"column":625}},"14":{"start":{"line":1,"column":582},"end":{"line":1,"column":625}},"15":{"start":{"line":1,"column":625},"end":{"line":1,"column":644}},"16":{"start":{"line":5,"column":166},"end":{"line":5,"column":220}},"17":{"start":{"line":5,"column":270},"end":{"line":5,"column":369}},"18":{"start":{"line":5,"column":311},"end":{"line":5,"column":368}},"19":{"start":{"line":5,"column":419},"end":{"line":5,"column":518}},"20":{"start":{"line":5,"column":431},"end":{"line":5,"column":517}},"21":{"start":{"line":5,"column":518},"end":{"line":5,"column":604}},"22":{"start":{"line":5,"column":647},"end":{"line":5,"column":810}},"23":{"start":{"line":5,"column":709},"end":{"line":5,"column":809}},"24":{"start":{"line":5,"column":810},"end":{"line":5,"column":974}},"25":{"start":{"line":5,"column":974},"end":{"line":5,"column":1092}},"26":{"start":{"line":5,"column":990},"end":{"line":5,"column":1092}},"27":{"start":{"line":7,"column":1113},"end":{"line":46,"column":82}},"28":{"start":{"line":7,"column":1142},"end":{"line":7,"column":1181}},"29":{"start":{"line":8,"column":126},"end":{"line":9,"column":11}},"30":{"start":{"line":17,"column":3},"end":{"line":46,"column":10}},"31":{"start":{"line":20,"column":6},"end":{"line":20,"column":52}},"32":{"start":{"line":22,"column":6},"end":{"line":23,"column":24}},"33":{"start":{"line":28,"column":6},"end":{"line":30,"column":7}},"34":{"start":{"line":29,"column":8},"end":{"line":29,"column":23}},"35":{"start":{"line":34,"column":6},"end":{"line":35,"column":40}},"36":{"start":{"line":40,"column":6},"end":{"line":43,"column":218}},"37":{"start":{"line":46,"column":10},"end":{"line":46,"column":27}}},"fnMap":{"1":{"name":"(anonymous_1)","decl":{"start":{"line":1,"column":120},"end":{"line":1,"column":121}},"loc":{"start":{"line":1,"column":132},"end":{"line":1,"column":647}}},"2":{"name":"defineProperties","decl":{"start":{"line":1,"column":142},"end":{"line":1,"column":158}},"loc":{"start":{"line":1,"column":174},"end":{"line":1,"column":441}}},"3":{"name":"(anonymous_3)","decl":{"start":{"line":1,"column":448},"end":{"line":1,"column":449}},"loc":{"start":{"line":1,"column":496},"end":{"line":1,"column":645}}},"4":{"name":"_interopRequireDefault","decl":{"start":{"line":5,"column":137},"end":{"line":5,"column":159}},"loc":{"start":{"line":5,"column":165},"end":{"line":5,"column":221}}},"5":{"name":"_classCallCheck","decl":{"start":{"line":5,"column":230},"end":{"line":5,"column":245}},"loc":{"start":{"line":5,"column":269},"end":{"line":5,"column":370}}},"6":{"name":"_possibleConstructorReturn","decl":{"start":{"line":5,"column":379},"end":{"line":5,"column":405}},"loc":{"start":{"line":5,"column":418},"end":{"line":5,"column":605}}},"7":{"name":"_inherits","decl":{"start":{"line":5,"column":614},"end":{"line":5,"column":623}},"loc":{"start":{"line":5,"column":646},"end":{"line":5,"column":1093}}},"8":{"name":"(anonymous_8)","decl":{"start":{"line":7,"column":1113},"end":{"line":7,"column":1114}},"loc":{"start":{"line":7,"column":1141},"end":{"line":46,"column":28}}},"9":{"name":"ToDoInput","decl":{"start":{"line":8,"column":37},"end":{"line":8,"column":46}},"loc":{"start":{"line":8,"column":54},"end":{"line":17,"column":3}}},"10":{"name":"addToDo","decl":{"start":{"line":17,"column":62},"end":{"line":17,"column":69}},"loc":{"start":{"line":19,"column":4},"end":{"line":25,"column":5}}},"11":{"name":"onKeyUp","decl":{"start":{"line":25,"column":43},"end":{"line":25,"column":50}},"loc":{"start":{"line":27,"column":11},"end":{"line":31,"column":5}}},"12":{"name":"updateState","decl":{"start":{"line":31,"column":47},"end":{"line":31,"column":58}},"loc":{"start":{"line":33,"column":11},"end":{"line":37,"column":5}}},"13":{"name":"render","decl":{"start":{"line":37,"column":42},"end":{"line":37,"column":48}},"loc":{"start":{"line":39,"column":4},"end":{"line":46,"column":5}}}},"branchMap":{"1":{"loc":{"start":{"line":1,"column":265},"end":{"line":1,"column":295}},"type":"binary-expr","locations":[{"start":{"line":1,"column":265},"end":{"line":1,"column":286}},{"start":{"line":1,"column":290},"end":{"line":1,"column":295}}]},"2":{"loc":{"start":{"line":1,"column":327},"end":{"line":1,"column":381}},"type":"if","locations":[{"start":{"line":1,"column":327},"end":{"line":1,"column":381}},{"start":{"line":1,"column":327},"end":{"line":1,"column":381}}]},"3":{"loc":{"start":{"line":1,"column":497},"end":{"line":1,"column":565}},"type":"if","locations":[{"start":{"line":1,"column":497},"end":{"line":1,"column":565}},{"start":{"line":1,"column":497},"end":{"line":1,"column":565}}]},"4":{"loc":{"start":{"line":1,"column":565},"end":{"line":1,"column":625}},"type":"if","locations":[{"start":{"line":1,"column":565},"end":{"line":1,"column":625}},{"start":{"line":1,"column":565},"end":{"line":1,"column":625}}]},"5":{"loc":{"start":{"line":5,"column":173},"end":{"line":5,"column":219}},"type":"cond-expr","locations":[{"start":{"line":5,"column":197},"end":{"line":5,"column":200}},{"start":{"line":5,"column":203},"end":{"line":5,"column":219}}]},"6":{"loc":{"start":{"line":5,"column":173},"end":{"line":5,"column":194}},"type":"binary-expr","locations":[{"start":{"line":5,"column":173},"end":{"line":5,"column":176}},{"start":{"line":5,"column":180},"end":{"line":5,"column":194}}]},"7":{"loc":{"start":{"line":5,"column":270},"end":{"line":5,"column":369}},"type":"if","locations":[{"start":{"line":5,"column":270},"end":{"line":5,"column":369}},{"start":{"line":5,"column":270},"end":{"line":5,"column":369}}]},"8":{"loc":{"start":{"line":5,"column":419},"end":{"line":5,"column":518}},"type":"if","locations":[{"start":{"line":5,"column":419},"end":{"line":5,"column":518}},{"start":{"line":5,"column":419},"end":{"line":5,"column":518}}]},"9":{"loc":{"start":{"line":5,"column":525},"end":{"line":5,"column":603}},"type":"cond-expr","locations":[{"start":{"line":5,"column":592},"end":{"line":5,"column":596}},{"start":{"line":5,"column":599},"end":{"line":5,"column":603}}]},"10":{"loc":{"start":{"line":5,"column":525},"end":{"line":5,"column":589}},"type":"binary-expr","locations":[{"start":{"line":5,"column":525},"end":{"line":5,"column":529}},{"start":{"line":5,"column":534},"end":{"line":5,"column":558}},{"start":{"line":5,"column":562},"end":{"line":5,"column":588}}]},"11":{"loc":{"start":{"line":5,"column":647},"end":{"line":5,"column":810}},"type":"if","locations":[{"start":{"line":5,"column":647},"end":{"line":5,"column":810}},{"start":{"line":5,"column":647},"end":{"line":5,"column":810}}]},"12":{"loc":{"start":{"line":5,"column":651},"end":{"line":5,"column":706}},"type":"binary-expr","locations":[{"start":{"line":5,"column":651},"end":{"line":5,"column":683}},{"start":{"line":5,"column":687},"end":{"line":5,"column":706}}]},"13":{"loc":{"start":{"line":5,"column":845},"end":{"line":5,"column":879}},"type":"binary-expr","locations":[{"start":{"line":5,"column":845},"end":{"line":5,"column":855}},{"start":{"line":5,"column":859},"end":{"line":5,"column":879}}]},"14":{"loc":{"start":{"line":5,"column":974},"end":{"line":5,"column":1092}},"type":"if","locations":[{"start":{"line":5,"column":974},"end":{"line":5,"column":1092}},{"start":{"line":5,"column":974},"end":{"line":5,"column":1092}}]},"15":{"loc":{"start":{"line":5,"column":990},"end":{"line":5,"column":1091}},"type":"cond-expr","locations":[{"start":{"line":5,"column":1014},"end":{"line":5,"column":1057}},{"start":{"line":5,"column":1060},"end":{"line":5,"column":1091}}]},"16":{"loc":{"start":{"line":28,"column":6},"end":{"line":30,"column":7}},"type":"if","locations":[{"start":{"line":28,"column":6},"end":{"line":30,"column":7}},{"start":{"line":28,"column":6},"end":{"line":30,"column":7}}]}},"s":{"1":2,"2":2,"3":2,"4":8,"5":8,"6":8,"7":8,"8":8,"9":8,"10":2,"11":2,"12":2,"13":2,"14":0,"15":2,"16":2,"17":8,"18":0,"19":8,"20":0,"21":8,"22":2,"23":0,"24":2,"25":2,"26":2,"27":2,"28":2,"29":8,"30":2,"31":3,"32":3,"33":2,"34":2,"35":2,"36":20,"37":2},"f":{"1":2,"2":2,"3":2,"4":2,"5":8,"6":8,"7":2,"8":2,"9":8,"10":3,"11":2,"12":2,"13":20},"b":{"1":[8,8],"2":[8,0],"3":[2,0],"4":[0,2],"5":[0,2],"6":[2,2],"7":[0,8],"8":[0,8],"9":[0,8],"10":[8,0,0],"11":[0,2],"12":[2,0],"13":[2,2],"14":[2,0],"15":[2,0],"16":[2,0]},"hash":"1dee34e72fd907444c7d7c251165696be0c6bb59","l":{"1":8,"5":8,"7":2,"8":8,"17":2,"20":3,"22":3,"28":2,"29":2,"34":2,"40":20,"46":2}},
"/Users/anurag/IdeaProjects/ReactJSToDoList/src/toDoItemView.js":{"path":"/Users/anurag/IdeaProjects/ReactJSToDoList/src/toDoItemView.js","statementMap":{"1":{"start":{"line":1,"column":39},"end":{"line":1,"column":101}},"2":{"start":{"line":1,"column":120},"end":{"line":1,"column":649}},"3":{"start":{"line":1,"column":175},"end":{"line":1,"column":440}},"4":{"start":{"line":1,"column":232},"end":{"line":1,"column":240}},"5":{"start":{"line":1,"column":241},"end":{"line":1,"column":296}},"6":{"start":{"line":1,"column":296},"end":{"line":1,"column":327}},"7":{"start":{"line":1,"column":327},"end":{"line":1,"column":381}},"8":{"start":{"line":1,"column":354},"end":{"line":1,"column":381}},"9":{"start":{"line":1,"column":381},"end":{"line":1,"column":439}},"10":{"start":{"line":1,"column":441},"end":{"line":1,"column":646}},"11":{"start":{"line":1,"column":497},"end":{"line":1,"column":565}},"12":{"start":{"line":1,"column":513},"end":{"line":1,"column":565}},"13":{"start":{"line":1,"column":565},"end":{"line":1,"column":625}},"14":{"start":{"line":1,"column":582},"end":{"line":1,"column":625}},"15":{"start":{"line":1,"column":625},"end":{"line":1,"column":644}},"16":{"start":{"line":5,"column":166},"end":{"line":5,"column":220}},"17":{"start":{"line":5,"column":270},"end":{"line":5,"column":369}},"18":{"start":{"line":5,"column":311},"end":{"line":5,"column":368}},"19":{"start":{"line":5,"column":419},"end":{"line":5,"column":518}},"20":{"start":{"line":5,"column":431},"end":{"line":5,"column":517}},"21":{"start":{"line":5,"column":518},"end":{"line":5,"column":604}},"22":{"start":{"line":5,"column":647},"end":{"line":5,"column":810}},"23":{"start":{"line":5,"column":709},"end":{"line":5,"column":809}},"24":{"start":{"line":5,"column":810},"end":{"line":5,"column":974}},"25":{"start":{"line":5,"column":974},"end":{"line":5,"column":1092}},"26":{"start":{"line":5,"column":990},"end":{"line":5,"column":1092}},"27":{"start":{"line":7,"column":1116},"end":{"line":32,"column":85}},"28":{"start":{"line":7,"column":1145},"end":{"line":7,"column":1187}},"29":{"start":{"line":8,"column":132},"end":{"line":9,"column":11}},"30":{"start":{"line":13,"column":3},"end":{"line":32,"column":10}},"31":{"start":{"line":16,"column":6},"end":{"line":16,"column":43}},"32":{"start":{"line":20,"column":6},"end":{"line":20,"column":47}},"33":{"start":{"line":24,"column":6},"end":{"line":29,"column":275}},"34":{"start":{"line":32,"column":10},"end":{"line":32,"column":30}}},"fnMap":{"1":{"name":"(anonymous_1)","decl":{"start":{"line":1,"column":120},"end":{"line":1,"column":121}},"loc":{"start":{"line":1,"column":132},"end":{"line":1,"column":647}}},"2":{"name":"defineProperties","decl":{"start":{"line":1,"column":142},"end":{"line":1,"column":158}},"loc":{"start":{"line":1,"column":174},"end":{"line":1,"column":441}}},"3":{"name":"(anonymous_3)","decl":{"start":{"line":1,"column":448},"end":{"line":1,"column":449}},"loc":{"start":{"line":1,"column":496},"end":{"line":1,"column":645}}},"4":{"name":"_interopRequireDefault","decl":{"start":{"line":5,"column":137},"end":{"line":5,"column":159}},"loc":{"start":{"line":5,"column":165},"end":{"line":5,"column":221}}},"5":{"name":"_classCallCheck","decl":{"start":{"line":5,"column":230},"end":{"line":5,"column":245}},"loc":{"start":{"line":5,"column":269},"end":{"line":5,"column":370}}},"6":{"name":"_possibleConstructorReturn","decl":{"start":{"line":5,"column":379},"end":{"line":5,"column":405}},"loc":{"start":{"line":5,"column":418},"end":{"line":5,"column":605}}},"7":{"name":"_inherits","decl":{"start":{"line":5,"column":614},"end":{"line":5,"column":623}},"loc":{"start":{"line":5,"column":646},"end":{"line":5,"column":1093}}},"8":{"name":"(anonymous_8)","decl":{"start":{"line":7,"column":1116},"end":{"line":7,"column":1117}},"loc":{"start":{"line":7,"column":1144},"end":{"line":32,"column":31}}},"9":{"name":"ToDoItemView","decl":{"start":{"line":8,"column":37},"end":{"line":8,"column":49}},"loc":{"start":{"line":8,"column":57},"end":{"line":13,"column":3}}},"10":{"name":"_delete","decl":{"start":{"line":13,"column":64},"end":{"line":13,"column":71}},"loc":{"start":{"line":15,"column":4},"end":{"line":17,"column":5}}},"11":{"name":"toggleDone","decl":{"start":{"line":17,"column":46},"end":{"line":17,"column":56}},"loc":{"start":{"line":19,"column":4},"end":{"line":21,"column":5}}},"12":{"name":"render","decl":{"start":{"line":21,"column":42},"end":{"line":21,"column":48}},"loc":{"start":{"line":23,"column":4},"end":{"line":32,"column":5}}}},"branchMap":{"1":{"loc":{"start":{"line":1,"column":265},"end":{"line":1,"column":295}},"type":"binary-expr","locations":[{"start":{"line":1,"column":265},"end":{"line":1,"column":286}},{"start":{"line":1,"column":290},"end":{"line":1,"column":295}}]},"2":{"loc":{"start":{"line":1,"column":327},"end":{"line":1,"column":381}},"type":"if","locations":[{"start":{"line":1,"column":327},"end":{"line":1,"column":381}},{"start":{"line":1,"column":327},"end":{"line":1,"column":381}}]},"3":{"loc":{"start":{"line":1,"column":497},"end":{"line":1,"column":565}},"type":"if","locations":[{"start":{"line":1,"column":497},"end":{"line":1,"column":565}},{"start":{"line":1,"column":497},"end":{"line":1,"column":565}}]},"4":{"loc":{"start":{"line":1,"column":565},"end":{"line":1,"column":625}},"type":"if","locations":[{"start":{"line":1,"column":565},"end":{"line":1,"column":625}},{"start":{"line":1,"column":565},"end":{"line":1,"column":625}}]},"5":{"loc":{"start":{"line":5,"column":173},"end":{"line":5,"column":219}},"type":"cond-expr","locations":[{"start":{"line":5,"column":197},"end":{"line":5,"column":200}},{"start":{"line":5,"column":203},"end":{"line":5,"column":219}}]},"6":{"loc":{"start":{"line":5,"column":173},"end":{"line":5,"column":194}},"type":"binary-expr","locations":[{"start":{"line":5,"column":173},"end":{"line":5,"column":176}},{"start":{"line":5,"column":180},"end":{"line":5,"column":194}}]},"7":{"loc":{"start":{"line":5,"column":270},"end":{"line":5,"column":369}},"type":"if","locations":[{"start":{"line":5,"column":270},"end":{"line":5,"column":369}},{"start":{"line":5,"column":270},"end":{"line":5,"column":369}}]},"8":{"loc":{"start":{"line":5,"column":419},"end":{"line":5,"column":518}},"type":"if","locations":[{"start":{"line":5,"column":419},"end":{"line":5,"column":518}},{"start":{"line":5,"column":419},"end":{"line":5,"column":518}}]},"9":{"loc":{"start":{"line":5,"column":525},"end":{"line":5,"column":603}},"type":"cond-expr","locations":[{"start":{"line":5,"column":592},"end":{"line":5,"column":596}},{"start":{"line":5,"column":599},"end":{"line":5,"column":603}}]},"10":{"loc":{"start":{"line":5,"column":525},"end":{"line":5,"column":589}},"type":"binary-expr","locations":[{"start":{"line":5,"column":525},"end":{"line":5,"column":529}},{"start":{"line":5,"column":534},"end":{"line":5,"column":558}},{"start":{"line":5,"column":562},"end":{"line":5,"column":588}}]},"11":{"loc":{"start":{"line":5,"column":647},"end":{"line":5,"column":810}},"type":"if","locations":[{"start":{"line":5,"column":647},"end":{"line":5,"column":810}},{"start":{"line":5,"column":647},"end":{"line":5,"column":810}}]},"12":{"loc":{"start":{"line":5,"column":651},"end":{"line":5,"column":706}},"type":"binary-expr","locations":[{"start":{"line":5,"column":651},"end":{"line":5,"column":683}},{"start":{"line":5,"column":687},"end":{"line":5,"column":706}}]},"13":{"loc":{"start":{"line":5,"column":845},"end":{"line":5,"column":879}},"type":"binary-expr","locations":[{"start":{"line":5,"column":845},"end":{"line":5,"column":855}},{"start":{"line":5,"column":859},"end":{"line":5,"column":879}}]},"14":{"loc":{"start":{"line":5,"column":974},"end":{"line":5,"column":1092}},"type":"if","locations":[{"start":{"line":5,"column":974},"end":{"line":5,"column":1092}},{"start":{"line":5,"column":974},"end":{"line":5,"column":1092}}]},"15":{"loc":{"start":{"line":5,"column":990},"end":{"line":5,"column":1091}},"type":"cond-expr","locations":[{"start":{"line":5,"column":1014},"end":{"line":5,"column":1057}},{"start":{"line":5,"column":1060},"end":{"line":5,"column":1091}}]},"16":{"loc":{"start":{"line":25,"column":153},"end":{"line":25,"column":184}},"type":"cond-expr","locations":[{"start":{"line":25,"column":173},"end":{"line":25,"column":179}},{"start":{"line":25,"column":182},"end":{"line":25,"column":184}}]},"17":{"loc":{"start":{"line":28,"column":178},"end":{"line":28,"column":209}},"type":"cond-expr","locations":[{"start":{"line":28,"column":198},"end":{"line":28,"column":204}},{"start":{"line":28,"column":207},"end":{"line":28,"column":209}}]},"18":{"loc":{"start":{"line":29,"column":180},"end":{"line":29,"column":211}},"type":"cond-expr","locations":[{"start":{"line":29,"column":200},"end":{"line":29,"column":202}},{"start":{"line":29,"column":205},"end":{"line":29,"column":211}}]}},"s":{"1":2,"2":2,"3":2,"4":6,"5":6,"6":6,"7":6,"8":6,"9":6,"10":2,"11":2,"12":2,"13":2,"14":0,"15":2,"16":2,"17":21,"18":0,"19":21,"20":0,"21":21,"22":2,"23":0,"24":2,"25":2,"26":2,"27":2,"28":2,"29":21,"30":2,"31":2,"32":2,"33":21,"34":2},"f":{"1":2,"2":2,"3":2,"4":2,"5":21,"6":21,"7":2,"8":2,"9":21,"10":2,"11":2,"12":21},"b":{"1":[6,6],"2":[6,0],"3":[2,0],"4":[0,2],"5":[0,2],"6":[2,2],"7":[0,21],"8":[0,21],"9":[0,21],"10":[21,0,0],"11":[0,2],"12":[2,0],"13":[2,2],"14":[2,0],"15":[2,0],"16":[6,15],"17":[6,15],"18":[6,15]},"hash":"74e803aa5dc1d1638d87030ea4df6109faa44db4","l":{"1":6,"5":21,"7":2,"8":21,"13":2,"16":2,"20":2,"24":21,"32":2}},
"/Users/anurag/IdeaProjects/ReactJSToDoList/src/toDoListView.js":{"path":"/Users/anurag/IdeaProjects/ReactJSToDoList/src/toDoListView.js","statementMap":{"1":{"start":{"line":1,"column":39},"end":{"line":1,"column":101}},"2":{"start":{"line":1,"column":120},"end":{"line":1,"column":649}},"3":{"start":{"line":1,"column":175},"end":{"line":1,"column":440}},"4":{"start":{"line":1,"column":232},"end":{"line":1,"column":240}},"5":{"start":{"line":1,"column":241},"end":{"line":1,"column":296}},"6":{"start":{"line":1,"column":296},"end":{"line":1,"column":327}},"7":{"start":{"line":1,"column":327},"end":{"line":1,"column":381}},"8":{"start":{"line":1,"column":354},"end":{"line":1,"column":381}},"9":{"start":{"line":1,"column":381},"end":{"line":1,"column":439}},"10":{"start":{"line":1,"column":441},"end":{"line":1,"column":646}},"11":{"start":{"line":1,"column":497},"end":{"line":1,"column":565}},"12":{"start":{"line":1,"column":513},"end":{"line":1,"column":565}},"13":{"start":{"line":1,"column":565},"end":{"line":1,"column":625}},"14":{"start":{"line":1,"column":582},"end":{"line":1,"column":625}},"15":{"start":{"line":1,"column":625},"end":{"line":1,"column":644}},"16":{"start":{"line":7,"column":184},"end":{"line":7,"column":238}},"17":{"start":{"line":7,"column":288},"end":{"line":7,"column":387}},"18":{"start":{"line":7,"column":329},"end":{"line":7,"column":386}},"19":{"start":{"line":7,"column":437},"end":{"line":7,"column":536}},"20":{"start":{"line":7,"column":449},"end":{"line":7,"column":535}},"21":{"start":{"line":7,"column":536},"end":{"line":7,"column":622}},"22":{"start":{"line":7,"column":665},"end":{"line":7,"column":828}},"23":{"start":{"line":7,"column":727},"end":{"line":7,"column":827}},"24":{"start":{"line":7,"column":828},"end":{"line":7,"column":992}},"25":{"start":{"line":7,"column":992},"end":{"line":7,"column":1110}},"26":{"start":{"line":7,"column":1008},"end":{"line":7,"column":1110}},"27":{"start":{"line":9,"column":1134},"end":{"line":96,"column":85}},"28":{"start":{"line":9,"column":1163},"end":{"line":9,"column":1205}},"29":{"start":{"line":10,"column":132},"end":{"line":11,"column":11}},"30":{"start":{"line":20,"column":17},"end":{"line":20,"column":47}},"31":{"start":{"line":22,"column":4},"end":{"line":22,"column":75}},"32":{"start":{"line":23,"column":3},"end":{"line":96,"column":10}},"33":{"start":{"line":26,"column":48},"end":{"line":26,"column":54}},"34":{"start":{"line":28,"column":6},"end":{"line":32,"column":7}},"35":{"start":{"line":29,"column":8},"end":{"line":29,"column":66}},"36":{"start":{"line":31,"column":8},"end":{"line":31,"column":23}},"37":{"start":{"line":34,"column":6},"end":{"line":34,"column":23}},"38":{"start":{"line":38,"column":22},"end":{"line":38,"column":37}},"39":{"start":{"line":40,"column":6},"end":{"line":43,"column":23}},"40":{"start":{"line":46,"column":6},"end":{"line":46,"column":50}},"41":{"start":{"line":48,"column":6},"end":{"line":48,"column":67}},"42":{"start":{"line":50,"column":6},"end":{"line":51,"column":32}},"43":{"start":{"line":56,"column":22},"end":{"line":56,"column":37}},"44":{"start":{"line":57,"column":26},"end":{"line":57,"column":91}},"45":{"start":{"line":57,"column":63},"end":{"line":57,"column":89}},"46":{"start":{"line":59,"column":6},"end":{"line":61,"column":7}},"47":{"start":{"line":60,"column":8},"end":{"line":60,"column":43}},"48":{"start":{"line":63,"column":6},"end":{"line":64,"column":32}},"49":{"start":{"line":67,"column":6},"end":{"line":67,"column":67}},"50":{"start":{"line":71,"column":22},"end":{"line":71,"column":37}},"51":{"start":{"line":72,"column":21},"end":{"line":72,"column":81}},"52":{"start":{"line":72,"column":53},"end":{"line":72,"column":79}},"53":{"start":{"line":74,"column":6},"end":{"line":74,"column":37}},"54":{"start":{"line":76,"column":6},"end":{"line":77,"column":32}},"55":{"start":{"line":80,"column":6},"end":{"line":80,"column":67}},"56":{"start":{"line":84,"column":6},"end":{"line":93,"column":169}},"57":{"start":{"line":96,"column":10},"end":{"line":96,"column":30}}},"fnMap":{"1":{"name":"(anonymous_1)","decl":{"start":{"line":1,"column":120},"end":{"line":1,"column":121}},"loc":{"start":{"line":1,"column":132},"end":{"line":1,"column":647}}},"2":{"name":"defineProperties","decl":{"start":{"line":1,"column":142},"end":{"line":1,"column":158}},"loc":{"start":{"line":1,"column":174},"end":{"line":1,"column":441}}},"3":{"name":"(anonymous_3)","decl":{"start":{"line":1,"column":448},"end":{"line":1,"column":449}},"loc":{"start":{"line":1,"column":496},"end":{"line":1,"column":645}}},"4":{"name":"_interopRequireDefault","decl":{"start":{"line":7,"column":155},"end":{"line":7,"column":177}},"loc":{"start":{"line":7,"column":183},"end":{"line":7,"column":239}}},"5":{"name":"_classCallCheck","decl":{"start":{"line":7,"column":248},"end":{"line":7,"column":263}},"loc":{"start":{"line":7,"column":287},"end":{"line":7,"column":388}}},"6":{"name":"_possibleConstructorReturn","decl":{"start":{"line":7,"column":397},"end":{"line":7,"column":423}},"loc":{"start":{"line":7,"column":436},"end":{"line":7,"column":623}}},"7":{"name":"_inherits","decl":{"start":{"line":7,"column":632},"end":{"line":7,"column":641}},"loc":{"start":{"line":7,"column":664},"end":{"line":7,"column":1111}}},"8":{"name":"(anonymous_8)","decl":{"start":{"line":9,"column":1134},"end":{"line":9,"column":1135}},"loc":{"start":{"line":9,"column":1162},"end":{"line":96,"column":31}}},"9":{"name":"ToDoListView","decl":{"start":{"line":10,"column":37},"end":{"line":10,"column":49}},"loc":{"start":{"line":10,"column":57},"end":{"line":23,"column":3}}},"10":{"name":"getToDos","decl":{"start":{"line":23,"column":66},"end":{"line":23,"column":74}},"loc":{"start":{"line":25,"column":4},"end":{"line":35,"column":5}}},"11":{"name":"addToDo","decl":{"start":{"line":35,"column":43},"end":{"line":35,"column":50}},"loc":{"start":{"line":37,"column":18},"end":{"line":53,"column":5}}},"12":{"name":"deleteToDo","decl":{"start":{"line":53,"column":46},"end":{"line":53,"column":56}},"loc":{"start":{"line":55,"column":12},"end":{"line":68,"column":5}}},"13":{"name":"(anonymous_13)","decl":{"start":{"line":57,"column":46},"end":{"line":57,"column":47}},"loc":{"start":{"line":57,"column":62},"end":{"line":57,"column":90}}},"14":{"name":"toggleToDoDone","decl":{"start":{"line":68,"column":50},"end":{"line":68,"column":64}},"loc":{"start":{"line":70,"column":12},"end":{"line":81,"column":5}}},"15":{"name":"(anonymous_15)","decl":{"start":{"line":72,"column":36},"end":{"line":72,"column":37}},"loc":{"start":{"line":72,"column":52},"end":{"line":72,"column":80}}},"16":{"name":"render","decl":{"start":{"line":81,"column":42},"end":{"line":81,"column":48}},"loc":{"start":{"line":83,"column":4},"end":{"line":96,"column":5}}},"17":{"name":"(anonymous_17)","decl":{"start":{"line":90,"column":37},"end":{"line":90,"column":38}},"loc":{"start":{"line":90,"column":83},"end":{"line":90,"column":460}}}},"branchMap":{"1":{"loc":{"start":{"line":1,"column":265},"end":{"line":1,"column":295}},"type":"binary-expr","locations":[{"start":{"line":1,"column":265},"end":{"line":1,"column":286}},{"start":{"line":1,"column":290},"end":{"line":1,"column":295}}]},"2":{"loc":{"start":{"line":1,"column":327},"end":{"line":1,"column":381}},"type":"if","locations":[{"start":{"line":1,"column":327},"end":{"line":1,"column":381}},{"start":{"line":1,"column":327},"end":{"line":1,"column":381}}]},"3":{"loc":{"start":{"line":1,"column":497},"end":{"line":1,"column":565}},"type":"if","locations":[{"start":{"line":1,"column":497},"end":{"line":1,"column":565}},{"start":{"line":1,"column":497},"end":{"line":1,"column":565}}]},"4":{"loc":{"start":{"line":1,"column":565},"end":{"line":1,"column":625}},"type":"if","locations":[{"start":{"line":1,"column":565},"end":{"line":1,"column":625}},{"start":{"line":1,"column":565},"end":{"line":1,"column":625}}]},"5":{"loc":{"start":{"line":7,"column":191},"end":{"line":7,"column":237}},"type":"cond-expr","locations":[{"start":{"line":7,"column":215},"end":{"line":7,"column":218}},{"start":{"line":7,"column":221},"end":{"line":7,"column":237}}]},"6":{"loc":{"start":{"line":7,"column":191},"end":{"line":7,"column":212}},"type":"binary-expr","locations":[{"start":{"line":7,"column":191},"end":{"line":7,"column":194}},{"start":{"line":7,"column":198},"end":{"line":7,"column":212}}]},"7":{"loc":{"start":{"line":7,"column":288},"end":{"line":7,"column":387}},"type":"if","locations":[{"start":{"line":7,"column":288},"end":{"line":7,"column":387}},{"start":{"line":7,"column":288},"end":{"line":7,"column":387}}]},"8":{"loc":{"start":{"line":7,"column":437},"end":{"line":7,"column":536}},"type":"if","locations":[{"start":{"line":7,"column":437},"end":{"line":7,"column":536}},{"start":{"line":7,"column":437},"end":{"line":7,"column":536}}]},"9":{"loc":{"start":{"line":7,"column":543},"end":{"line":7,"column":621}},"type":"cond-expr","locations":[{"start":{"line":7,"column":610},"end":{"line":7,"column":614}},{"start":{"line":7,"column":617},"end":{"line":7,"column":621}}]},"10":{"loc":{"start":{"line":7,"column":543},"end":{"line":7,"column":607}},"type":"binary-expr","locations":[{"start":{"line":7,"column":543},"end":{"line":7,"column":547}},{"start":{"line":7,"column":552},"end":{"line":7,"column":576}},{"start":{"line":7,"column":580},"end":{"line":7,"column":606}}]},"11":{"loc":{"start":{"line":7,"column":665},"end":{"line":7,"column":828}},"type":"if","locations":[{"start":{"line":7,"column":665},"end":{"line":7,"column":828}},{"start":{"line":7,"column":665},"end":{"line":7,"column":828}}]},"12":{"loc":{"start":{"line":7,"column":669},"end":{"line":7,"column":724}},"type":"binary-expr","locations":[{"start":{"line":7,"column":669},"end":{"line":7,"column":701}},{"start":{"line":7,"column":705},"end":{"line":7,"column":724}}]},"13":{"loc":{"start":{"line":7,"column":863},"end":{"line":7,"column":897}},"type":"binary-expr","locations":[{"start":{"line":7,"column":863},"end":{"line":7,"column":873}},{"start":{"line":7,"column":877},"end":{"line":7,"column":897}}]},"14":{"loc":{"start":{"line":7,"column":992},"end":{"line":7,"column":1110}},"type":"if","locations":[{"start":{"line":7,"column":992},"end":{"line":7,"column":1110}},{"start":{"line":7,"column":992},"end":{"line":7,"column":1110}}]},"15":{"loc":{"start":{"line":7,"column":1008},"end":{"line":7,"column":1109}},"type":"cond-expr","locations":[{"start":{"line":7,"column":1032},"end":{"line":7,"column":1075}},{"start":{"line":7,"column":1078},"end":{"line":7,"column":1109}}]},"16":{"loc":{"start":{"line":59,"column":6},"end":{"line":61,"column":7}},"type":"if","locations":[{"start":{"line":59,"column":6},"end":{"line":61,"column":7}},{"start":{"line":59,"column":6},"end":{"line":61,"column":7}}]},"17":{"loc":{"start":{"line":85,"column":153},"end":{"line":85,"column":201}},"type":"cond-expr","locations":[{"start":{"line":85,"column":189},"end":{"line":85,"column":196}},{"start":{"line":85,"column":199},"end":{"line":85,"column":201}}]}},"s":{"1":1,"2":1,"3":1,"4":5,"5":5,"6":5,"7":5,"8":5,"9":5,"10":1,"11":1,"12":1,"13":1,"14":0,"15":1,"16":3,"17":4,"18":0,"19":4,"20":0,"21":4,"22":1,"23":0,"24":1,"25":1,"26":1,"27":1,"28":1,"29":4,"30":4,"31":4,"32":1,"33":6,"34":6,"35":6,"36":4,"37":6,"38":1,"39":1,"40":1,"41":1,"42":1,"43":1,"44":1,"45":1,"46":1,"47":0,"48":1,"49":1,"50":0,"51":0,"52":0,"53":0,"54":0,"55":0,"56":9,"57":1},"f":{"1":1,"2":1,"3":1,"4":3,"5":4,"6":4,"7":1,"8":1,"9":4,"10":6,"11":1,"12":1,"13":1,"14":0,"15":0,"16":9,"17":9},"b":{"1":[5,5],"2":[5,0],"3":[1,0],"4":[0,1],"5":[2,1],"6":[3,3],"7":[0,4],"8":[0,4],"9":[0,4],"10":[4,0,0],"11":[0,1],"12":[1,0],"13":[1,1],"14":[1,0],"15":[1,0],"16":[0,1],"17":[3,6]},"hash":"b1f576b74a7e2d3029e691e930776e8961d35b42","l":{"1":5,"7":4,"9":1,"10":4,"20":4,"22":4,"23":1,"26":6,"28":6,"29":6,"31":4,"34":6,"38":1,"40":1,"46":1,"48":1,"50":1,"56":1,"57":1,"59":1,"60":0,"63":1,"67":1,"71":0,"72":0,"74":0,"76":0,"80":0,"84":9,"96":1}}}
