{"/Users/anurag/IdeaProjects/ReactJSToDoList/src/configureStore.js": {"path":"/Users/anurag/IdeaProjects/ReactJSToDoList/src/configureStore.js","statementMap":{"1":{"start":{"line":1,"column":39},"end":{"line":1,"column":101}},"2":{"start":{"line":1,"column":101},"end":{"line":7,"column":15}},"3":{"start":{"line":8,"column":40},"end":{"line":8,"column":86}},"4":{"start":{"line":9,"column":2},"end":{"line":9,"column":15}}},"fnMap":{"1":{"name":"configureStore","decl":{"start":{"line":7,"column":80},"end":{"line":7,"column":94}},"loc":{"start":{"line":7,"column":118},"end":{"line":10,"column":1}}}},"branchMap":{},"s":{"1":1,"2":1,"3":4,"4":4},"f":{"1":4},"b":{},"hash":"40abc6c19d68ba39cf3d27aeae16f158851635a1"}
,"/Users/anurag/IdeaProjects/ReactJSToDoList/src/toDoInput.js": {"path":"/Users/anurag/IdeaProjects/ReactJSToDoList/src/toDoInput.js","statementMap":{"1":{"start":{"line":1,"column":39},"end":{"line":1,"column":101}},"2":{"start":{"line":1,"column":120},"end":{"line":1,"column":649}},"3":{"start":{"line":1,"column":175},"end":{"line":1,"column":440}},"4":{"start":{"line":1,"column":232},"end":{"line":1,"column":240}},"5":{"start":{"line":1,"column":241},"end":{"line":1,"column":296}},"6":{"start":{"line":1,"column":296},"end":{"line":1,"column":327}},"7":{"start":{"line":1,"column":327},"end":{"line":1,"column":381}},"8":{"start":{"line":1,"column":354},"end":{"line":1,"column":381}},"9":{"start":{"line":1,"column":381},"end":{"line":1,"column":439}},"10":{"start":{"line":1,"column":441},"end":{"line":1,"column":646}},"11":{"start":{"line":1,"column":497},"end":{"line":1,"column":565}},"12":{"start":{"line":1,"column":513},"end":{"line":1,"column":565}},"13":{"start":{"line":1,"column":565},"end":{"line":1,"column":625}},"14":{"start":{"line":1,"column":582},"end":{"line":1,"column":625}},"15":{"start":{"line":1,"column":625},"end":{"line":1,"column":644}},"16":{"start":{"line":5,"column":166},"end":{"line":5,"column":220}},"17":{"start":{"line":5,"column":270},"end":{"line":5,"column":369}},"18":{"start":{"line":5,"column":311},"end":{"line":5,"column":368}},"19":{"start":{"line":5,"column":419},"end":{"line":5,"column":518}},"20":{"start":{"line":5,"column":431},"end":{"line":5,"column":517}},"21":{"start":{"line":5,"column":518},"end":{"line":5,"column":604}},"22":{"start":{"line":5,"column":647},"end":{"line":5,"column":810}},"23":{"start":{"line":5,"column":709},"end":{"line":5,"column":809}},"24":{"start":{"line":5,"column":810},"end":{"line":5,"column":974}},"25":{"start":{"line":5,"column":974},"end":{"line":5,"column":1092}},"26":{"start":{"line":5,"column":990},"end":{"line":5,"column":1092}},"27":{"start":{"line":7,"column":1113},"end":{"line":46,"column":82}},"28":{"start":{"line":7,"column":1142},"end":{"line":7,"column":1181}},"29":{"start":{"line":8,"column":126},"end":{"line":9,"column":11}},"30":{"start":{"line":17,"column":3},"end":{"line":46,"column":10}},"31":{"start":{"line":20,"column":6},"end":{"line":20,"column":52}},"32":{"start":{"line":22,"column":6},"end":{"line":23,"column":24}},"33":{"start":{"line":28,"column":6},"end":{"line":30,"column":7}},"34":{"start":{"line":29,"column":8},"end":{"line":29,"column":23}},"35":{"start":{"line":34,"column":6},"end":{"line":35,"column":40}},"36":{"start":{"line":40,"column":6},"end":{"line":43,"column":218}},"37":{"start":{"line":46,"column":10},"end":{"line":46,"column":27}}},"fnMap":{"1":{"name":"(anonymous_1)","decl":{"start":{"line":1,"column":120},"end":{"line":1,"column":121}},"loc":{"start":{"line":1,"column":132},"end":{"line":1,"column":647}}},"2":{"name":"defineProperties","decl":{"start":{"line":1,"column":142},"end":{"line":1,"column":158}},"loc":{"start":{"line":1,"column":174},"end":{"line":1,"column":441}}},"3":{"name":"(anonymous_3)","decl":{"start":{"line":1,"column":448},"end":{"line":1,"column":449}},"loc":{"start":{"line":1,"column":496},"end":{"line":1,"column":645}}},"4":{"name":"_interopRequireDefault","decl":{"start":{"line":5,"column":137},"end":{"line":5,"column":159}},"loc":{"start":{"line":5,"column":165},"end":{"line":5,"column":221}}},"5":{"name":"_classCallCheck","decl":{"start":{"line":5,"column":230},"end":{"line":5,"column":245}},"loc":{"start":{"line":5,"column":269},"end":{"line":5,"column":370}}},"6":{"name":"_possibleConstructorReturn","decl":{"start":{"line":5,"column":379},"end":{"line":5,"column":405}},"loc":{"start":{"line":5,"column":418},"end":{"line":5,"column":605}}},"7":{"name":"_inherits","decl":{"start":{"line":5,"column":614},"end":{"line":5,"column":623}},"loc":{"start":{"line":5,"column":646},"end":{"line":5,"column":1093}}},"8":{"name":"(anonymous_8)","decl":{"start":{"line":7,"column":1113},"end":{"line":7,"column":1114}},"loc":{"start":{"line":7,"column":1141},"end":{"line":46,"column":28}}},"9":{"name":"ToDoInput","decl":{"start":{"line":8,"column":37},"end":{"line":8,"column":46}},"loc":{"start":{"line":8,"column":54},"end":{"line":17,"column":3}}},"10":{"name":"addToDo","decl":{"start":{"line":17,"column":62},"end":{"line":17,"column":69}},"loc":{"start":{"line":19,"column":4},"end":{"line":25,"column":5}}},"11":{"name":"onKeyUp","decl":{"start":{"line":25,"column":43},"end":{"line":25,"column":50}},"loc":{"start":{"line":27,"column":11},"end":{"line":31,"column":5}}},"12":{"name":"updateState","decl":{"start":{"line":31,"column":47},"end":{"line":31,"column":58}},"loc":{"start":{"line":33,"column":11},"end":{"line":37,"column":5}}},"13":{"name":"render","decl":{"start":{"line":37,"column":42},"end":{"line":37,"column":48}},"loc":{"start":{"line":39,"column":4},"end":{"line":46,"column":5}}}},"branchMap":{"1":{"loc":{"start":{"line":1,"column":265},"end":{"line":1,"column":295}},"type":"binary-expr","locations":[{"start":{"line":1,"column":265},"end":{"line":1,"column":286}},{"start":{"line":1,"column":290},"end":{"line":1,"column":295}}]},"2":{"loc":{"start":{"line":1,"column":327},"end":{"line":1,"column":381}},"type":"if","locations":[{"start":{"line":1,"column":327},"end":{"line":1,"column":381}},{"start":{"line":1,"column":327},"end":{"line":1,"column":381}}]},"3":{"loc":{"start":{"line":1,"column":497},"end":{"line":1,"column":565}},"type":"if","locations":[{"start":{"line":1,"column":497},"end":{"line":1,"column":565}},{"start":{"line":1,"column":497},"end":{"line":1,"column":565}}]},"4":{"loc":{"start":{"line":1,"column":565},"end":{"line":1,"column":625}},"type":"if","locations":[{"start":{"line":1,"column":565},"end":{"line":1,"column":625}},{"start":{"line":1,"column":565},"end":{"line":1,"column":625}}]},"5":{"loc":{"start":{"line":5,"column":173},"end":{"line":5,"column":219}},"type":"cond-expr","locations":[{"start":{"line":5,"column":197},"end":{"line":5,"column":200}},{"start":{"line":5,"column":203},"end":{"line":5,"column":219}}]},"6":{"loc":{"start":{"line":5,"column":173},"end":{"line":5,"column":194}},"type":"binary-expr","locations":[{"start":{"line":5,"column":173},"end":{"line":5,"column":176}},{"start":{"line":5,"column":180},"end":{"line":5,"column":194}}]},"7":{"loc":{"start":{"line":5,"column":270},"end":{"line":5,"column":369}},"type":"if","locations":[{"start":{"line":5,"column":270},"end":{"line":5,"column":369}},{"start":{"line":5,"column":270},"end":{"line":5,"column":369}}]},"8":{"loc":{"start":{"line":5,"column":419},"end":{"line":5,"column":518}},"type":"if","locations":[{"start":{"line":5,"column":419},"end":{"line":5,"column":518}},{"start":{"line":5,"column":419},"end":{"line":5,"column":518}}]},"9":{"loc":{"start":{"line":5,"column":525},"end":{"line":5,"column":603}},"type":"cond-expr","locations":[{"start":{"line":5,"column":592},"end":{"line":5,"column":596}},{"start":{"line":5,"column":599},"end":{"line":5,"column":603}}]},"10":{"loc":{"start":{"line":5,"column":525},"end":{"line":5,"column":589}},"type":"binary-expr","locations":[{"start":{"line":5,"column":525},"end":{"line":5,"column":529}},{"start":{"line":5,"column":534},"end":{"line":5,"column":558}},{"start":{"line":5,"column":562},"end":{"line":5,"column":588}}]},"11":{"loc":{"start":{"line":5,"column":647},"end":{"line":5,"column":810}},"type":"if","locations":[{"start":{"line":5,"column":647},"end":{"line":5,"column":810}},{"start":{"line":5,"column":647},"end":{"line":5,"column":810}}]},"12":{"loc":{"start":{"line":5,"column":651},"end":{"line":5,"column":706}},"type":"binary-expr","locations":[{"start":{"line":5,"column":651},"end":{"line":5,"column":683}},{"start":{"line":5,"column":687},"end":{"line":5,"column":706}}]},"13":{"loc":{"start":{"line":5,"column":845},"end":{"line":5,"column":879}},"type":"binary-expr","locations":[{"start":{"line":5,"column":845},"end":{"line":5,"column":855}},{"start":{"line":5,"column":859},"end":{"line":5,"column":879}}]},"14":{"loc":{"start":{"line":5,"column":974},"end":{"line":5,"column":1092}},"type":"if","locations":[{"start":{"line":5,"column":974},"end":{"line":5,"column":1092}},{"start":{"line":5,"column":974},"end":{"line":5,"column":1092}}]},"15":{"loc":{"start":{"line":5,"column":990},"end":{"line":5,"column":1091}},"type":"cond-expr","locations":[{"start":{"line":5,"column":1014},"end":{"line":5,"column":1057}},{"start":{"line":5,"column":1060},"end":{"line":5,"column":1091}}]},"16":{"loc":{"start":{"line":8,"column":160},"end":{"line":8,"column":215}},"type":"binary-expr","locations":[{"start":{"line":8,"column":160},"end":{"line":8,"column":179}},{"start":{"line":8,"column":183},"end":{"line":8,"column":215}}]},"17":{"loc":{"start":{"line":28,"column":6},"end":{"line":30,"column":7}},"type":"if","locations":[{"start":{"line":28,"column":6},"end":{"line":30,"column":7}},{"start":{"line":28,"column":6},"end":{"line":30,"column":7}}]}},"s":{"1":2,"2":2,"3":2,"4":8,"5":8,"6":8,"7":8,"8":8,"9":8,"10":2,"11":2,"12":2,"13":2,"14":0,"15":2,"16":2,"17":8,"18":0,"19":8,"20":0,"21":8,"22":2,"23":0,"24":2,"25":2,"26":2,"27":2,"28":2,"29":8,"30":2,"31":3,"32":3,"33":2,"34":2,"35":2,"36":20,"37":2},"f":{"1":2,"2":2,"3":2,"4":2,"5":8,"6":8,"7":2,"8":2,"9":8,"10":3,"11":2,"12":2,"13":20},"b":{"1":[8,8],"2":[8,0],"3":[2,0],"4":[0,2],"5":[0,2],"6":[2,2],"7":[0,8],"8":[0,8],"9":[0,8],"10":[8,0,0],"11":[0,2],"12":[2,0],"13":[2,2],"14":[2,0],"15":[2,0],"16":[8,0],"17":[2,0]},"hash":"3e11c9f9ca261255d8cfad6a9f4663b3789f181d"}
,"/Users/anurag/IdeaProjects/ReactJSToDoList/src/toDoItemView.js": {"path":"/Users/anurag/IdeaProjects/ReactJSToDoList/src/toDoItemView.js","statementMap":{"1":{"start":{"line":1,"column":39},"end":{"line":1,"column":101}},"2":{"start":{"line":1,"column":120},"end":{"line":1,"column":649}},"3":{"start":{"line":1,"column":175},"end":{"line":1,"column":440}},"4":{"start":{"line":1,"column":232},"end":{"line":1,"column":240}},"5":{"start":{"line":1,"column":241},"end":{"line":1,"column":296}},"6":{"start":{"line":1,"column":296},"end":{"line":1,"column":327}},"7":{"start":{"line":1,"column":327},"end":{"line":1,"column":381}},"8":{"start":{"line":1,"column":354},"end":{"line":1,"column":381}},"9":{"start":{"line":1,"column":381},"end":{"line":1,"column":439}},"10":{"start":{"line":1,"column":441},"end":{"line":1,"column":646}},"11":{"start":{"line":1,"column":497},"end":{"line":1,"column":565}},"12":{"start":{"line":1,"column":513},"end":{"line":1,"column":565}},"13":{"start":{"line":1,"column":565},"end":{"line":1,"column":625}},"14":{"start":{"line":1,"column":582},"end":{"line":1,"column":625}},"15":{"start":{"line":1,"column":625},"end":{"line":1,"column":644}},"16":{"start":{"line":5,"column":166},"end":{"line":5,"column":220}},"17":{"start":{"line":5,"column":270},"end":{"line":5,"column":369}},"18":{"start":{"line":5,"column":311},"end":{"line":5,"column":368}},"19":{"start":{"line":5,"column":419},"end":{"line":5,"column":518}},"20":{"start":{"line":5,"column":431},"end":{"line":5,"column":517}},"21":{"start":{"line":5,"column":518},"end":{"line":5,"column":604}},"22":{"start":{"line":5,"column":647},"end":{"line":5,"column":810}},"23":{"start":{"line":5,"column":709},"end":{"line":5,"column":809}},"24":{"start":{"line":5,"column":810},"end":{"line":5,"column":974}},"25":{"start":{"line":5,"column":974},"end":{"line":5,"column":1092}},"26":{"start":{"line":5,"column":990},"end":{"line":5,"column":1092}},"27":{"start":{"line":7,"column":1116},"end":{"line":32,"column":85}},"28":{"start":{"line":7,"column":1145},"end":{"line":7,"column":1187}},"29":{"start":{"line":8,"column":132},"end":{"line":9,"column":11}},"30":{"start":{"line":13,"column":3},"end":{"line":32,"column":10}},"31":{"start":{"line":16,"column":6},"end":{"line":16,"column":43}},"32":{"start":{"line":20,"column":6},"end":{"line":20,"column":47}},"33":{"start":{"line":24,"column":6},"end":{"line":29,"column":275}},"34":{"start":{"line":32,"column":10},"end":{"line":32,"column":30}}},"fnMap":{"1":{"name":"(anonymous_1)","decl":{"start":{"line":1,"column":120},"end":{"line":1,"column":121}},"loc":{"start":{"line":1,"column":132},"end":{"line":1,"column":647}}},"2":{"name":"defineProperties","decl":{"start":{"line":1,"column":142},"end":{"line":1,"column":158}},"loc":{"start":{"line":1,"column":174},"end":{"line":1,"column":441}}},"3":{"name":"(anonymous_3)","decl":{"start":{"line":1,"column":448},"end":{"line":1,"column":449}},"loc":{"start":{"line":1,"column":496},"end":{"line":1,"column":645}}},"4":{"name":"_interopRequireDefault","decl":{"start":{"line":5,"column":137},"end":{"line":5,"column":159}},"loc":{"start":{"line":5,"column":165},"end":{"line":5,"column":221}}},"5":{"name":"_classCallCheck","decl":{"start":{"line":5,"column":230},"end":{"line":5,"column":245}},"loc":{"start":{"line":5,"column":269},"end":{"line":5,"column":370}}},"6":{"name":"_possibleConstructorReturn","decl":{"start":{"line":5,"column":379},"end":{"line":5,"column":405}},"loc":{"start":{"line":5,"column":418},"end":{"line":5,"column":605}}},"7":{"name":"_inherits","decl":{"start":{"line":5,"column":614},"end":{"line":5,"column":623}},"loc":{"start":{"line":5,"column":646},"end":{"line":5,"column":1093}}},"8":{"name":"(anonymous_8)","decl":{"start":{"line":7,"column":1116},"end":{"line":7,"column":1117}},"loc":{"start":{"line":7,"column":1144},"end":{"line":32,"column":31}}},"9":{"name":"ToDoItemView","decl":{"start":{"line":8,"column":37},"end":{"line":8,"column":49}},"loc":{"start":{"line":8,"column":57},"end":{"line":13,"column":3}}},"10":{"name":"_delete","decl":{"start":{"line":13,"column":64},"end":{"line":13,"column":71}},"loc":{"start":{"line":15,"column":4},"end":{"line":17,"column":5}}},"11":{"name":"toggleDone","decl":{"start":{"line":17,"column":46},"end":{"line":17,"column":56}},"loc":{"start":{"line":19,"column":4},"end":{"line":21,"column":5}}},"12":{"name":"render","decl":{"start":{"line":21,"column":42},"end":{"line":21,"column":48}},"loc":{"start":{"line":23,"column":4},"end":{"line":32,"column":5}}}},"branchMap":{"1":{"loc":{"start":{"line":1,"column":265},"end":{"line":1,"column":295}},"type":"binary-expr","locations":[{"start":{"line":1,"column":265},"end":{"line":1,"column":286}},{"start":{"line":1,"column":290},"end":{"line":1,"column":295}}]},"2":{"loc":{"start":{"line":1,"column":327},"end":{"line":1,"column":381}},"type":"if","locations":[{"start":{"line":1,"column":327},"end":{"line":1,"column":381}},{"start":{"line":1,"column":327},"end":{"line":1,"column":381}}]},"3":{"loc":{"start":{"line":1,"column":497},"end":{"line":1,"column":565}},"type":"if","locations":[{"start":{"line":1,"column":497},"end":{"line":1,"column":565}},{"start":{"line":1,"column":497},"end":{"line":1,"column":565}}]},"4":{"loc":{"start":{"line":1,"column":565},"end":{"line":1,"column":625}},"type":"if","locations":[{"start":{"line":1,"column":565},"end":{"line":1,"column":625}},{"start":{"line":1,"column":565},"end":{"line":1,"column":625}}]},"5":{"loc":{"start":{"line":5,"column":173},"end":{"line":5,"column":219}},"type":"cond-expr","locations":[{"start":{"line":5,"column":197},"end":{"line":5,"column":200}},{"start":{"line":5,"column":203},"end":{"line":5,"column":219}}]},"6":{"loc":{"start":{"line":5,"column":173},"end":{"line":5,"column":194}},"type":"binary-expr","locations":[{"start":{"line":5,"column":173},"end":{"line":5,"column":176}},{"start":{"line":5,"column":180},"end":{"line":5,"column":194}}]},"7":{"loc":{"start":{"line":5,"column":270},"end":{"line":5,"column":369}},"type":"if","locations":[{"start":{"line":5,"column":270},"end":{"line":5,"column":369}},{"start":{"line":5,"column":270},"end":{"line":5,"column":369}}]},"8":{"loc":{"start":{"line":5,"column":419},"end":{"line":5,"column":518}},"type":"if","locations":[{"start":{"line":5,"column":419},"end":{"line":5,"column":518}},{"start":{"line":5,"column":419},"end":{"line":5,"column":518}}]},"9":{"loc":{"start":{"line":5,"column":525},"end":{"line":5,"column":603}},"type":"cond-expr","locations":[{"start":{"line":5,"column":592},"end":{"line":5,"column":596}},{"start":{"line":5,"column":599},"end":{"line":5,"column":603}}]},"10":{"loc":{"start":{"line":5,"column":525},"end":{"line":5,"column":589}},"type":"binary-expr","locations":[{"start":{"line":5,"column":525},"end":{"line":5,"column":529}},{"start":{"line":5,"column":534},"end":{"line":5,"column":558}},{"start":{"line":5,"column":562},"end":{"line":5,"column":588}}]},"11":{"loc":{"start":{"line":5,"column":647},"end":{"line":5,"column":810}},"type":"if","locations":[{"start":{"line":5,"column":647},"end":{"line":5,"column":810}},{"start":{"line":5,"column":647},"end":{"line":5,"column":810}}]},"12":{"loc":{"start":{"line":5,"column":651},"end":{"line":5,"column":706}},"type":"binary-expr","locations":[{"start":{"line":5,"column":651},"end":{"line":5,"column":683}},{"start":{"line":5,"column":687},"end":{"line":5,"column":706}}]},"13":{"loc":{"start":{"line":5,"column":845},"end":{"line":5,"column":879}},"type":"binary-expr","locations":[{"start":{"line":5,"column":845},"end":{"line":5,"column":855}},{"start":{"line":5,"column":859},"end":{"line":5,"column":879}}]},"14":{"loc":{"start":{"line":5,"column":974},"end":{"line":5,"column":1092}},"type":"if","locations":[{"start":{"line":5,"column":974},"end":{"line":5,"column":1092}},{"start":{"line":5,"column":974},"end":{"line":5,"column":1092}}]},"15":{"loc":{"start":{"line":5,"column":990},"end":{"line":5,"column":1091}},"type":"cond-expr","locations":[{"start":{"line":5,"column":1014},"end":{"line":5,"column":1057}},{"start":{"line":5,"column":1060},"end":{"line":5,"column":1091}}]},"16":{"loc":{"start":{"line":8,"column":166},"end":{"line":8,"column":227}},"type":"binary-expr","locations":[{"start":{"line":8,"column":166},"end":{"line":8,"column":188}},{"start":{"line":8,"column":192},"end":{"line":8,"column":227}}]},"17":{"loc":{"start":{"line":25,"column":153},"end":{"line":25,"column":184}},"type":"cond-expr","locations":[{"start":{"line":25,"column":173},"end":{"line":25,"column":179}},{"start":{"line":25,"column":182},"end":{"line":25,"column":184}}]},"18":{"loc":{"start":{"line":28,"column":178},"end":{"line":28,"column":209}},"type":"cond-expr","locations":[{"start":{"line":28,"column":198},"end":{"line":28,"column":204}},{"start":{"line":28,"column":207},"end":{"line":28,"column":209}}]},"19":{"loc":{"start":{"line":29,"column":180},"end":{"line":29,"column":211}},"type":"cond-expr","locations":[{"start":{"line":29,"column":200},"end":{"line":29,"column":202}},{"start":{"line":29,"column":205},"end":{"line":29,"column":211}}]}},"s":{"1":2,"2":2,"3":2,"4":6,"5":6,"6":6,"7":6,"8":6,"9":6,"10":2,"11":2,"12":2,"13":2,"14":0,"15":2,"16":2,"17":21,"18":0,"19":21,"20":0,"21":21,"22":2,"23":0,"24":2,"25":2,"26":2,"27":2,"28":2,"29":21,"30":2,"31":2,"32":2,"33":21,"34":2},"f":{"1":2,"2":2,"3":2,"4":2,"5":21,"6":21,"7":2,"8":2,"9":21,"10":2,"11":2,"12":21},"b":{"1":[6,6],"2":[6,0],"3":[2,0],"4":[0,2],"5":[0,2],"6":[2,2],"7":[0,21],"8":[0,21],"9":[0,21],"10":[21,0,0],"11":[0,2],"12":[2,0],"13":[2,2],"14":[2,0],"15":[2,0],"16":[21,0],"17":[6,15],"18":[6,15],"19":[6,15]},"hash":"36536a2497549f293241674fd6ba1445ea2ef610"}
,"/Users/anurag/IdeaProjects/ReactJSToDoList/src/toDoListView.js": {"path":"/Users/anurag/IdeaProjects/ReactJSToDoList/src/toDoListView.js","statementMap":{"1":{"start":{"line":1,"column":39},"end":{"line":1,"column":101}},"2":{"start":{"line":1,"column":120},"end":{"line":1,"column":649}},"3":{"start":{"line":1,"column":175},"end":{"line":1,"column":440}},"4":{"start":{"line":1,"column":232},"end":{"line":1,"column":240}},"5":{"start":{"line":1,"column":241},"end":{"line":1,"column":296}},"6":{"start":{"line":1,"column":296},"end":{"line":1,"column":327}},"7":{"start":{"line":1,"column":327},"end":{"line":1,"column":381}},"8":{"start":{"line":1,"column":354},"end":{"line":1,"column":381}},"9":{"start":{"line":1,"column":381},"end":{"line":1,"column":439}},"10":{"start":{"line":1,"column":441},"end":{"line":1,"column":646}},"11":{"start":{"line":1,"column":497},"end":{"line":1,"column":565}},"12":{"start":{"line":1,"column":513},"end":{"line":1,"column":565}},"13":{"start":{"line":1,"column":565},"end":{"line":1,"column":625}},"14":{"start":{"line":1,"column":582},"end":{"line":1,"column":625}},"15":{"start":{"line":1,"column":625},"end":{"line":1,"column":644}},"16":{"start":{"line":10,"column":201},"end":{"line":10,"column":255}},"17":{"start":{"line":10,"column":305},"end":{"line":10,"column":404}},"18":{"start":{"line":10,"column":346},"end":{"line":10,"column":403}},"19":{"start":{"line":10,"column":454},"end":{"line":10,"column":553}},"20":{"start":{"line":10,"column":466},"end":{"line":10,"column":552}},"21":{"start":{"line":10,"column":553},"end":{"line":10,"column":639}},"22":{"start":{"line":10,"column":682},"end":{"line":10,"column":845}},"23":{"start":{"line":10,"column":744},"end":{"line":10,"column":844}},"24":{"start":{"line":10,"column":845},"end":{"line":10,"column":1009}},"25":{"start":{"line":10,"column":1009},"end":{"line":10,"column":1127}},"26":{"start":{"line":10,"column":1025},"end":{"line":10,"column":1127}},"27":{"start":{"line":12,"column":1151},"end":{"line":90,"column":85}},"28":{"start":{"line":12,"column":1180},"end":{"line":12,"column":1222}},"29":{"start":{"line":13,"column":132},"end":{"line":14,"column":11}},"30":{"start":{"line":16,"column":42},"end":{"line":16,"column":206}},"31":{"start":{"line":25,"column":3},"end":{"line":90,"column":10}},"32":{"start":{"line":28,"column":48},"end":{"line":28,"column":54}},"33":{"start":{"line":30,"column":6},"end":{"line":34,"column":7}},"34":{"start":{"line":31,"column":8},"end":{"line":31,"column":72}},"35":{"start":{"line":33,"column":8},"end":{"line":33,"column":23}},"36":{"start":{"line":36,"column":19},"end":{"line":36,"column":49}},"37":{"start":{"line":37,"column":6},"end":{"line":37,"column":49}},"38":{"start":{"line":39,"column":6},"end":{"line":40,"column":47}},"39":{"start":{"line":45,"column":6},"end":{"line":46,"column":54}},"40":{"start":{"line":51,"column":6},"end":{"line":53,"column":31}},"41":{"start":{"line":56,"column":6},"end":{"line":56,"column":26}},"42":{"start":{"line":60,"column":6},"end":{"line":62,"column":25}},"43":{"start":{"line":65,"column":6},"end":{"line":65,"column":26}},"44":{"start":{"line":69,"column":6},"end":{"line":71,"column":25}},"45":{"start":{"line":74,"column":6},"end":{"line":74,"column":26}},"46":{"start":{"line":78,"column":6},"end":{"line":87,"column":169}},"47":{"start":{"line":90,"column":10},"end":{"line":90,"column":30}}},"fnMap":{"1":{"name":"(anonymous_1)","decl":{"start":{"line":1,"column":120},"end":{"line":1,"column":121}},"loc":{"start":{"line":1,"column":132},"end":{"line":1,"column":647}}},"2":{"name":"defineProperties","decl":{"start":{"line":1,"column":142},"end":{"line":1,"column":158}},"loc":{"start":{"line":1,"column":174},"end":{"line":1,"column":441}}},"3":{"name":"(anonymous_3)","decl":{"start":{"line":1,"column":448},"end":{"line":1,"column":449}},"loc":{"start":{"line":1,"column":496},"end":{"line":1,"column":645}}},"4":{"name":"_interopRequireDefault","decl":{"start":{"line":10,"column":172},"end":{"line":10,"column":194}},"loc":{"start":{"line":10,"column":200},"end":{"line":10,"column":256}}},"5":{"name":"_classCallCheck","decl":{"start":{"line":10,"column":265},"end":{"line":10,"column":280}},"loc":{"start":{"line":10,"column":304},"end":{"line":10,"column":405}}},"6":{"name":"_possibleConstructorReturn","decl":{"start":{"line":10,"column":414},"end":{"line":10,"column":440}},"loc":{"start":{"line":10,"column":453},"end":{"line":10,"column":640}}},"7":{"name":"_inherits","decl":{"start":{"line":10,"column":649},"end":{"line":10,"column":658}},"loc":{"start":{"line":10,"column":681},"end":{"line":10,"column":1128}}},"8":{"name":"(anonymous_8)","decl":{"start":{"line":12,"column":1151},"end":{"line":12,"column":1152}},"loc":{"start":{"line":12,"column":1179},"end":{"line":90,"column":31}}},"9":{"name":"ToDoListView","decl":{"start":{"line":13,"column":37},"end":{"line":13,"column":49}},"loc":{"start":{"line":13,"column":57},"end":{"line":25,"column":3}}},"10":{"name":"_getToDos","decl":{"start":{"line":25,"column":67},"end":{"line":25,"column":76}},"loc":{"start":{"line":27,"column":4},"end":{"line":42,"column":5}}},"11":{"name":"_updateToDos","decl":{"start":{"line":42,"column":48},"end":{"line":42,"column":60}},"loc":{"start":{"line":44,"column":4},"end":{"line":48,"column":5}}},"12":{"name":"addToDo","decl":{"start":{"line":48,"column":43},"end":{"line":48,"column":50}},"loc":{"start":{"line":50,"column":18},"end":{"line":57,"column":5}}},"13":{"name":"deleteToDo","decl":{"start":{"line":57,"column":46},"end":{"line":57,"column":56}},"loc":{"start":{"line":59,"column":12},"end":{"line":66,"column":5}}},"14":{"name":"toggleToDoDone","decl":{"start":{"line":66,"column":50},"end":{"line":66,"column":64}},"loc":{"start":{"line":68,"column":12},"end":{"line":75,"column":5}}},"15":{"name":"render","decl":{"start":{"line":75,"column":42},"end":{"line":75,"column":48}},"loc":{"start":{"line":77,"column":4},"end":{"line":90,"column":5}}},"16":{"name":"(anonymous_16)","decl":{"start":{"line":84,"column":37},"end":{"line":84,"column":38}},"loc":{"start":{"line":84,"column":83},"end":{"line":84,"column":460}}}},"branchMap":{"1":{"loc":{"start":{"line":1,"column":265},"end":{"line":1,"column":295}},"type":"binary-expr","locations":[{"start":{"line":1,"column":265},"end":{"line":1,"column":286}},{"start":{"line":1,"column":290},"end":{"line":1,"column":295}}]},"2":{"loc":{"start":{"line":1,"column":327},"end":{"line":1,"column":381}},"type":"if","locations":[{"start":{"line":1,"column":327},"end":{"line":1,"column":381}},{"start":{"line":1,"column":327},"end":{"line":1,"column":381}}]},"3":{"loc":{"start":{"line":1,"column":497},"end":{"line":1,"column":565}},"type":"if","locations":[{"start":{"line":1,"column":497},"end":{"line":1,"column":565}},{"start":{"line":1,"column":497},"end":{"line":1,"column":565}}]},"4":{"loc":{"start":{"line":1,"column":565},"end":{"line":1,"column":625}},"type":"if","locations":[{"start":{"line":1,"column":565},"end":{"line":1,"column":625}},{"start":{"line":1,"column":565},"end":{"line":1,"column":625}}]},"5":{"loc":{"start":{"line":10,"column":208},"end":{"line":10,"column":254}},"type":"cond-expr","locations":[{"start":{"line":10,"column":232},"end":{"line":10,"column":235}},{"start":{"line":10,"column":238},"end":{"line":10,"column":254}}]},"6":{"loc":{"start":{"line":10,"column":208},"end":{"line":10,"column":229}},"type":"binary-expr","locations":[{"start":{"line":10,"column":208},"end":{"line":10,"column":211}},{"start":{"line":10,"column":215},"end":{"line":10,"column":229}}]},"7":{"loc":{"start":{"line":10,"column":305},"end":{"line":10,"column":404}},"type":"if","locations":[{"start":{"line":10,"column":305},"end":{"line":10,"column":404}},{"start":{"line":10,"column":305},"end":{"line":10,"column":404}}]},"8":{"loc":{"start":{"line":10,"column":454},"end":{"line":10,"column":553}},"type":"if","locations":[{"start":{"line":10,"column":454},"end":{"line":10,"column":553}},{"start":{"line":10,"column":454},"end":{"line":10,"column":553}}]},"9":{"loc":{"start":{"line":10,"column":560},"end":{"line":10,"column":638}},"type":"cond-expr","locations":[{"start":{"line":10,"column":627},"end":{"line":10,"column":631}},{"start":{"line":10,"column":634},"end":{"line":10,"column":638}}]},"10":{"loc":{"start":{"line":10,"column":560},"end":{"line":10,"column":624}},"type":"binary-expr","locations":[{"start":{"line":10,"column":560},"end":{"line":10,"column":564}},{"start":{"line":10,"column":569},"end":{"line":10,"column":593}},{"start":{"line":10,"column":597},"end":{"line":10,"column":623}}]},"11":{"loc":{"start":{"line":10,"column":682},"end":{"line":10,"column":845}},"type":"if","locations":[{"start":{"line":10,"column":682},"end":{"line":10,"column":845}},{"start":{"line":10,"column":682},"end":{"line":10,"column":845}}]},"12":{"loc":{"start":{"line":10,"column":686},"end":{"line":10,"column":741}},"type":"binary-expr","locations":[{"start":{"line":10,"column":686},"end":{"line":10,"column":718}},{"start":{"line":10,"column":722},"end":{"line":10,"column":741}}]},"13":{"loc":{"start":{"line":10,"column":880},"end":{"line":10,"column":914}},"type":"binary-expr","locations":[{"start":{"line":10,"column":880},"end":{"line":10,"column":890}},{"start":{"line":10,"column":894},"end":{"line":10,"column":914}}]},"14":{"loc":{"start":{"line":10,"column":1009},"end":{"line":10,"column":1127}},"type":"if","locations":[{"start":{"line":10,"column":1009},"end":{"line":10,"column":1127}},{"start":{"line":10,"column":1009},"end":{"line":10,"column":1127}}]},"15":{"loc":{"start":{"line":10,"column":1025},"end":{"line":10,"column":1126}},"type":"cond-expr","locations":[{"start":{"line":10,"column":1049},"end":{"line":10,"column":1092}},{"start":{"line":10,"column":1095},"end":{"line":10,"column":1126}}]},"16":{"loc":{"start":{"line":13,"column":166},"end":{"line":13,"column":227}},"type":"binary-expr","locations":[{"start":{"line":13,"column":166},"end":{"line":13,"column":188}},{"start":{"line":13,"column":192},"end":{"line":13,"column":227}}]},"17":{"loc":{"start":{"line":31,"column":31},"end":{"line":31,"column":70}},"type":"binary-expr","locations":[{"start":{"line":31,"column":31},"end":{"line":31,"column":64}},{"start":{"line":31,"column":68},"end":{"line":31,"column":70}}]},"18":{"loc":{"start":{"line":37,"column":15},"end":{"line":37,"column":48}},"type":"cond-expr","locations":[{"start":{"line":37,"column":24},"end":{"line":37,"column":44}},{"start":{"line":37,"column":47},"end":{"line":37,"column":48}}]},"19":{"loc":{"start":{"line":79,"column":153},"end":{"line":79,"column":201}},"type":"cond-expr","locations":[{"start":{"line":79,"column":189},"end":{"line":79,"column":196}},{"start":{"line":79,"column":199},"end":{"line":79,"column":201}}]}},"s":{"1":1,"2":1,"3":1,"4":6,"5":6,"6":6,"7":6,"8":6,"9":6,"10":1,"11":1,"12":1,"13":1,"14":0,"15":1,"16":5,"17":4,"18":0,"19":4,"20":0,"21":4,"22":1,"23":0,"24":1,"25":1,"26":1,"27":1,"28":1,"29":4,"30":4,"31":1,"32":4,"33":4,"34":4,"35":3,"36":4,"37":4,"38":4,"39":2,"40":1,"41":1,"42":1,"43":1,"44":0,"45":0,"46":9,"47":1},"f":{"1":1,"2":1,"3":1,"4":5,"5":4,"6":4,"7":1,"8":1,"9":4,"10":4,"11":2,"12":1,"13":1,"14":0,"15":9,"16":9},"b":{"1":[6,6],"2":[6,0],"3":[1,0],"4":[0,1],"5":[4,1],"6":[5,5],"7":[0,4],"8":[0,4],"9":[0,4],"10":[4,0,0],"11":[0,1],"12":[1,0],"13":[1,1],"14":[1,0],"15":[1,0],"16":[4,0],"17":[4,3],"18":[1,3],"19":[3,6]},"hash":"365ece14a4cf57de7e0d4016f4077b7f4659f9bb"}
,"/Users/anurag/IdeaProjects/ReactJSToDoList/src/reducers/todoReducer.js": {"path":"/Users/anurag/IdeaProjects/ReactJSToDoList/src/reducers/todoReducer.js","statementMap":{"1":{"start":{"line":1,"column":39},"end":{"line":1,"column":101}},"2":{"start":{"line":1,"column":101},"end":{"line":10,"column":12}},"3":{"start":{"line":12,"column":34},"end":{"line":12,"column":176}},"4":{"start":{"line":12,"column":75},"end":{"line":12,"column":136}},"5":{"start":{"line":12,"column":136},"end":{"line":12,"column":175}},"6":{"start":{"line":12,"column":230},"end":{"line":12,"column":245}},"7":{"start":{"line":12,"column":269},"end":{"line":12,"column":306}},"8":{"start":{"line":13,"column":15},"end":{"line":13,"column":27}},"9":{"start":{"line":15,"column":2},"end":{"line":44,"column":13}},"10":{"start":{"line":17,"column":6},"end":{"line":20,"column":23}},"11":{"start":{"line":23,"column":6},"end":{"line":23,"column":44}},"12":{"start":{"line":24,"column":6},"end":{"line":24,"column":12}},"13":{"start":{"line":27,"column":26},"end":{"line":27,"column":104}},"14":{"start":{"line":27,"column":70},"end":{"line":27,"column":102}},"15":{"start":{"line":29,"column":6},"end":{"line":31,"column":7}},"16":{"start":{"line":30,"column":8},"end":{"line":30,"column":50}},"17":{"start":{"line":33,"column":6},"end":{"line":33,"column":44}},"18":{"start":{"line":34,"column":6},"end":{"line":34,"column":12}},"19":{"start":{"line":37,"column":21},"end":{"line":37,"column":94}},"20":{"start":{"line":37,"column":60},"end":{"line":37,"column":92}},"21":{"start":{"line":39,"column":6},"end":{"line":41,"column":7}},"22":{"start":{"line":40,"column":8},"end":{"line":40,"column":39}},"23":{"start":{"line":43,"column":6},"end":{"line":43,"column":44}},"24":{"start":{"line":44,"column":6},"end":{"line":44,"column":12}},"25":{"start":{"line":48,"column":2},"end":{"line":48,"column":57}}},"fnMap":{"1":{"name":"saveInCache","decl":{"start":{"line":12,"column":43},"end":{"line":12,"column":54}},"loc":{"start":{"line":12,"column":74},"end":{"line":12,"column":176}}},"2":{"name":"todoReducer","decl":{"start":{"line":12,"column":186},"end":{"line":12,"column":197}},"loc":{"start":{"line":12,"column":213},"end":{"line":49,"column":1}}},"3":{"name":"(anonymous_3)","decl":{"start":{"line":27,"column":53},"end":{"line":27,"column":54}},"loc":{"start":{"line":27,"column":69},"end":{"line":27,"column":103}}},"4":{"name":"(anonymous_4)","decl":{"start":{"line":37,"column":43},"end":{"line":37,"column":44}},"loc":{"start":{"line":37,"column":59},"end":{"line":37,"column":93}}}},"branchMap":{"1":{"loc":{"start":{"line":15,"column":2},"end":{"line":44,"column":13}},"type":"switch","locations":[{"start":{"line":16,"column":4},"end":{"line":24,"column":12}},{"start":{"line":26,"column":4},"end":{"line":34,"column":12}},{"start":{"line":36,"column":4},"end":{"line":44,"column":12}}]},"2":{"loc":{"start":{"line":29,"column":6},"end":{"line":31,"column":7}},"type":"if","locations":[{"start":{"line":29,"column":6},"end":{"line":31,"column":7}},{"start":{"line":29,"column":6},"end":{"line":31,"column":7}}]},"3":{"loc":{"start":{"line":39,"column":6},"end":{"line":41,"column":7}},"type":"if","locations":[{"start":{"line":39,"column":6},"end":{"line":41,"column":7}},{"start":{"line":39,"column":6},"end":{"line":41,"column":7}}]}},"s":{"1":1,"2":1,"3":1,"4":2,"5":2,"6":6,"7":6,"8":6,"9":6,"10":1,"11":1,"12":1,"13":1,"14":1,"15":1,"16":0,"17":1,"18":1,"19":0,"20":0,"21":0,"22":0,"23":0,"24":0,"25":6},"f":{"1":2,"2":6,"3":1,"4":0},"b":{"1":[1,1,0],"2":[0,1],"3":[0,0]},"hash":"6190c04b55efbcfe12e38d610b08255d6babef32"}
}
