TN:
SF:/Users/anurag/IdeaProjects/ReactJSToDoList/src/toDoInput.js
FN:,(anonymous_1)
FN:,defineProperties
FN:,(anonymous_3)
FN:,_interopRequireDefault
FN:,_classCallCheck
FN:,_possibleConstructorReturn
FN:,_inherits
FN:,(anonymous_8)
FN:,ToDoInput
FN:,addToDo
FN:,onKeyUp
FN:,updateState
FN:,render
FNF:13
FNH:13
FNDA:2,(anonymous_1)
FNDA:2,defineProperties
FNDA:2,(anonymous_3)
FNDA:2,_interopRequireDefault
FNDA:8,_classCallCheck
FNDA:8,_possibleConstructorReturn
FNDA:2,_inherits
FNDA:2,(anonymous_8)
FNDA:8,ToDoInput
FNDA:3,addToDo
FNDA:2,onKeyUp
FNDA:2,updateState
FNDA:20,render
DA:1,8
DA:5,8
DA:7,2
DA:8,8
DA:17,2
DA:20,3
DA:22,3
DA:28,2
DA:29,2
DA:34,2
DA:40,20
DA:46,2
LF:12
LH:12
BRDA:,1,0,8
BRDA:,1,1,8
BRDA:,2,0,8
BRDA:,2,1,0
BRDA:,3,0,2
BRDA:,3,1,0
BRDA:,4,0,0
BRDA:,4,1,2
BRDA:,5,0,0
BRDA:,5,1,2
BRDA:,6,0,2
BRDA:,6,1,2
BRDA:,7,0,0
BRDA:,7,1,8
BRDA:,8,0,0
BRDA:,8,1,8
BRDA:,9,0,0
BRDA:,9,1,8
BRDA:,10,0,8
BRDA:,10,1,0
BRDA:,10,2,0
BRDA:,11,0,0
BRDA:,11,1,2
BRDA:,12,0,2
BRDA:,12,1,0
BRDA:,13,0,2
BRDA:,13,1,2
BRDA:,14,0,2
BRDA:,14,1,0
BRDA:,15,0,2
BRDA:,15,1,0
BRDA:,16,0,2
BRDA:,16,1,0
BRF:33
BRH:19
end_of_record
TN:
SF:/Users/anurag/IdeaProjects/ReactJSToDoList/src/toDoItemView.js
FN:,(anonymous_1)
FN:,defineProperties
FN:,(anonymous_3)
FN:,_interopRequireDefault
FN:,_classCallCheck
FN:,_possibleConstructorReturn
FN:,_inherits
FN:,(anonymous_8)
FN:,ToDoItemView
FN:,_delete
FN:,toggleDone
FN:,render
FNF:12
FNH:12
FNDA:2,(anonymous_1)
FNDA:2,defineProperties
FNDA:2,(anonymous_3)
FNDA:2,_interopRequireDefault
FNDA:21,_classCallCheck
FNDA:21,_possibleConstructorReturn
FNDA:2,_inherits
FNDA:2,(anonymous_8)
FNDA:21,ToDoItemView
FNDA:2,_delete
FNDA:2,toggleDone
FNDA:21,render
DA:1,6
DA:5,21
DA:7,2
DA:8,21
DA:13,2
DA:16,2
DA:20,2
DA:24,21
DA:32,2
LF:9
LH:9
BRDA:,1,0,6
BRDA:,1,1,6
BRDA:,2,0,6
BRDA:,2,1,0
BRDA:,3,0,2
BRDA:,3,1,0
BRDA:,4,0,0
BRDA:,4,1,2
BRDA:,5,0,0
BRDA:,5,1,2
BRDA:,6,0,2
BRDA:,6,1,2
BRDA:,7,0,0
BRDA:,7,1,21
BRDA:,8,0,0
BRDA:,8,1,21
BRDA:,9,0,0
BRDA:,9,1,21
BRDA:,10,0,21
BRDA:,10,1,0
BRDA:,10,2,0
BRDA:,11,0,0
BRDA:,11,1,2
BRDA:,12,0,2
BRDA:,12,1,0
BRDA:,13,0,2
BRDA:,13,1,2
BRDA:,14,0,2
BRDA:,14,1,0
BRDA:,15,0,2
BRDA:,15,1,0
BRDA:,16,0,6
BRDA:,16,1,15
BRDA:,17,0,6
BRDA:,17,1,15
BRDA:,18,0,6
BRDA:,18,1,15
BRF:37
BRH:24
end_of_record
TN:
SF:/Users/anurag/IdeaProjects/ReactJSToDoList/src/toDoListView.js
FN:,(anonymous_1)
FN:,defineProperties
FN:,(anonymous_3)
FN:,_interopRequireDefault
FN:,_classCallCheck
FN:,_possibleConstructorReturn
FN:,_inherits
FN:,(anonymous_8)
FN:,ToDoListView
FN:,getToDos
FN:,addToDo
FN:,deleteToDo
FN:,(anonymous_13)
FN:,toggleToDoDone
FN:,(anonymous_15)
FN:,render
FN:,(anonymous_17)
FNF:17
FNH:15
FNDA:1,(anonymous_1)
FNDA:1,defineProperties
FNDA:1,(anonymous_3)
FNDA:3,_interopRequireDefault
FNDA:4,_classCallCheck
FNDA:4,_possibleConstructorReturn
FNDA:1,_inherits
FNDA:1,(anonymous_8)
FNDA:4,ToDoListView
FNDA:6,getToDos
FNDA:1,addToDo
FNDA:1,deleteToDo
FNDA:1,(anonymous_13)
FNDA:0,toggleToDoDone
FNDA:0,(anonymous_15)
FNDA:9,render
FNDA:9,(anonymous_17)
DA:1,5
DA:7,4
DA:9,1
DA:10,4
DA:20,4
DA:22,4
DA:23,1
DA:26,6
DA:28,6
DA:29,6
DA:31,4
DA:34,6
DA:38,1
DA:40,1
DA:46,1
DA:48,1
DA:50,1
DA:56,1
DA:57,1
DA:59,1
DA:60,0
DA:63,1
DA:67,1
DA:71,0
DA:72,0
DA:74,0
DA:76,0
DA:80,0
DA:84,9
DA:96,1
LF:30
LH:24
BRDA:,1,0,5
BRDA:,1,1,5
BRDA:,2,0,5
BRDA:,2,1,0
BRDA:,3,0,1
BRDA:,3,1,0
BRDA:,4,0,0
BRDA:,4,1,1
BRDA:,5,0,2
BRDA:,5,1,1
BRDA:,6,0,3
BRDA:,6,1,3
BRDA:,7,0,0
BRDA:,7,1,4
BRDA:,8,0,0
BRDA:,8,1,4
BRDA:,9,0,0
BRDA:,9,1,4
BRDA:,10,0,4
BRDA:,10,1,0
BRDA:,10,2,0
BRDA:,11,0,0
BRDA:,11,1,1
BRDA:,12,0,1
BRDA:,12,1,0
BRDA:,13,0,1
BRDA:,13,1,1
BRDA:,14,0,1
BRDA:,14,1,0
BRDA:,15,0,1
BRDA:,15,1,0
BRDA:,16,0,0
BRDA:,16,1,1
BRDA:,17,0,3
BRDA:,17,1,6
BRF:35
BRH:22
end_of_record
