TN:
SF:/Users/anurag/IdeaProjects/ReactJSToDoList/src/configureStore.js
FN:7,configureStore
FNF:1
FNH:1
FNDA:4,configureStore
DA:1,1
DA:8,4
DA:9,4
LF:3
LH:3
BRF:0
BRH:0
end_of_record
TN:
SF:/Users/anurag/IdeaProjects/ReactJSToDoList/src/toDoInput.js
FN:1,(anonymous_1)
FN:1,defineProperties
FN:1,(anonymous_3)
FN:5,_interopRequireDefault
FN:5,_classCallCheck
FN:5,_possibleConstructorReturn
FN:5,_inherits
FN:7,(anonymous_8)
FN:8,ToDoInput
FN:17,addToDo
FN:25,onKeyUp
FN:31,updateState
FN:37,render
FNF:13
FNH:13
FNDA:2,(anonymous_1)
FNDA:2,defineProperties
FNDA:2,(anonymous_3)
FNDA:2,_interopRequireDefault
FNDA:8,_classCallCheck
FNDA:8,_possibleConstructorReturn
FNDA:2,_inherits
FNDA:2,(anonymous_8)
FNDA:8,ToDoInput
FNDA:3,addToDo
FNDA:2,onKeyUp
FNDA:2,updateState
FNDA:20,render
DA:1,8
DA:5,8
DA:7,2
DA:8,8
DA:17,2
DA:20,3
DA:22,3
DA:28,2
DA:29,2
DA:34,2
DA:40,20
DA:46,2
LF:12
LH:12
BRDA:1,1,0,8
BRDA:1,1,1,8
BRDA:1,2,0,8
BRDA:1,2,1,0
BRDA:1,3,0,2
BRDA:1,3,1,0
BRDA:1,4,0,0
BRDA:1,4,1,2
BRDA:5,5,0,0
BRDA:5,5,1,2
BRDA:5,6,0,2
BRDA:5,6,1,2
BRDA:5,7,0,0
BRDA:5,7,1,8
BRDA:5,8,0,0
BRDA:5,8,1,8
BRDA:5,9,0,0
BRDA:5,9,1,8
BRDA:5,10,0,8
BRDA:5,10,1,0
BRDA:5,10,2,0
BRDA:5,11,0,0
BRDA:5,11,1,2
BRDA:5,12,0,2
BRDA:5,12,1,0
BRDA:5,13,0,2
BRDA:5,13,1,2
BRDA:5,14,0,2
BRDA:5,14,1,0
BRDA:5,15,0,2
BRDA:5,15,1,0
BRDA:8,16,0,8
BRDA:8,16,1,0
BRDA:28,17,0,2
BRDA:28,17,1,0
BRF:35
BRH:20
end_of_record
TN:
SF:/Users/anurag/IdeaProjects/ReactJSToDoList/src/toDoItemView.js
FN:1,(anonymous_1)
FN:1,defineProperties
FN:1,(anonymous_3)
FN:5,_interopRequireDefault
FN:5,_classCallCheck
FN:5,_possibleConstructorReturn
FN:5,_inherits
FN:7,(anonymous_8)
FN:8,ToDoItemView
FN:13,_delete
FN:17,toggleDone
FN:21,render
FNF:12
FNH:12
FNDA:2,(anonymous_1)
FNDA:2,defineProperties
FNDA:2,(anonymous_3)
FNDA:2,_interopRequireDefault
FNDA:21,_classCallCheck
FNDA:21,_possibleConstructorReturn
FNDA:2,_inherits
FNDA:2,(anonymous_8)
FNDA:21,ToDoItemView
FNDA:2,_delete
FNDA:2,toggleDone
FNDA:21,render
DA:1,6
DA:5,21
DA:7,2
DA:8,21
DA:13,2
DA:16,2
DA:20,2
DA:24,21
DA:32,2
LF:9
LH:9
BRDA:1,1,0,6
BRDA:1,1,1,6
BRDA:1,2,0,6
BRDA:1,2,1,0
BRDA:1,3,0,2
BRDA:1,3,1,0
BRDA:1,4,0,0
BRDA:1,4,1,2
BRDA:5,5,0,0
BRDA:5,5,1,2
BRDA:5,6,0,2
BRDA:5,6,1,2
BRDA:5,7,0,0
BRDA:5,7,1,21
BRDA:5,8,0,0
BRDA:5,8,1,21
BRDA:5,9,0,0
BRDA:5,9,1,21
BRDA:5,10,0,21
BRDA:5,10,1,0
BRDA:5,10,2,0
BRDA:5,11,0,0
BRDA:5,11,1,2
BRDA:5,12,0,2
BRDA:5,12,1,0
BRDA:5,13,0,2
BRDA:5,13,1,2
BRDA:5,14,0,2
BRDA:5,14,1,0
BRDA:5,15,0,2
BRDA:5,15,1,0
BRDA:8,16,0,21
BRDA:8,16,1,0
BRDA:25,17,0,6
BRDA:25,17,1,15
BRDA:28,18,0,6
BRDA:28,18,1,15
BRDA:29,19,0,6
BRDA:29,19,1,15
BRF:39
BRH:25
end_of_record
TN:
SF:/Users/anurag/IdeaProjects/ReactJSToDoList/src/toDoListView.js
FN:1,(anonymous_1)
FN:1,defineProperties
FN:1,(anonymous_3)
FN:10,_interopRequireDefault
FN:10,_classCallCheck
FN:10,_possibleConstructorReturn
FN:10,_inherits
FN:12,(anonymous_8)
FN:13,ToDoListView
FN:25,_getToDos
FN:42,_updateToDos
FN:48,addToDo
FN:57,deleteToDo
FN:66,toggleToDoDone
FN:75,render
FN:84,(anonymous_16)
FNF:16
FNH:15
FNDA:1,(anonymous_1)
FNDA:1,defineProperties
FNDA:1,(anonymous_3)
FNDA:5,_interopRequireDefault
FNDA:4,_classCallCheck
FNDA:4,_possibleConstructorReturn
FNDA:1,_inherits
FNDA:1,(anonymous_8)
FNDA:4,ToDoListView
FNDA:4,_getToDos
FNDA:2,_updateToDos
FNDA:1,addToDo
FNDA:1,deleteToDo
FNDA:0,toggleToDoDone
FNDA:9,render
FNDA:9,(anonymous_16)
DA:1,6
DA:10,5
DA:12,1
DA:13,4
DA:16,4
DA:25,1
DA:28,4
DA:30,4
DA:31,4
DA:33,3
DA:36,4
DA:37,4
DA:39,4
DA:45,2
DA:51,1
DA:56,1
DA:60,1
DA:65,1
DA:69,0
DA:74,0
DA:78,9
DA:90,1
LF:22
LH:20
BRDA:1,1,0,6
BRDA:1,1,1,6
BRDA:1,2,0,6
BRDA:1,2,1,0
BRDA:1,3,0,1
BRDA:1,3,1,0
BRDA:1,4,0,0
BRDA:1,4,1,1
BRDA:10,5,0,4
BRDA:10,5,1,1
BRDA:10,6,0,5
BRDA:10,6,1,5
BRDA:10,7,0,0
BRDA:10,7,1,4
BRDA:10,8,0,0
BRDA:10,8,1,4
BRDA:10,9,0,0
BRDA:10,9,1,4
BRDA:10,10,0,4
BRDA:10,10,1,0
BRDA:10,10,2,0
BRDA:10,11,0,0
BRDA:10,11,1,1
BRDA:10,12,0,1
BRDA:10,12,1,0
BRDA:10,13,0,1
BRDA:10,13,1,1
BRDA:10,14,0,1
BRDA:10,14,1,0
BRDA:10,15,0,1
BRDA:10,15,1,0
BRDA:13,16,0,4
BRDA:13,16,1,0
BRDA:31,17,0,4
BRDA:31,17,1,3
BRDA:37,18,0,1
BRDA:37,18,1,3
BRDA:79,19,0,3
BRDA:79,19,1,6
BRF:39
BRH:26
end_of_record
TN:
SF:/Users/anurag/IdeaProjects/ReactJSToDoList/src/reducers/todoReducer.js
FN:12,saveInCache
FN:12,todoReducer
FN:27,(anonymous_3)
FN:37,(anonymous_4)
FNF:4
FNH:3
FNDA:2,saveInCache
FNDA:6,todoReducer
FNDA:1,(anonymous_3)
FNDA:0,(anonymous_4)
DA:1,1
DA:12,6
DA:13,6
DA:15,6
DA:17,1
DA:23,1
DA:24,1
DA:27,1
DA:29,1
DA:30,0
DA:33,1
DA:34,1
DA:37,0
DA:39,0
DA:40,0
DA:43,0
DA:44,0
DA:48,6
LF:18
LH:12
BRDA:15,1,0,1
BRDA:15,1,1,1
BRDA:15,1,2,0
BRDA:29,2,0,0
BRDA:29,2,1,1
BRDA:39,3,0,0
BRDA:39,3,1,0
BRF:7
BRH:3
end_of_record
